00:59:43.547 [main                     ] DEBUG Logger               - Configured Logger
00:59:43.560 [main                     ] DEBUG GameApplication      - Logging settings
Title: Mine Sweeper
Version: .0.1
Width: 1000
Height: 1100
Fullscreen: false
Intro: false
Profiling: false
Single step:false
App Mode: DEVELOPER
Menu Key: ESCAPE
Stage Style: DECORATED
Scene Factory: class com.almasb.fxgl.app.scene.SceneFactory

00:59:43.776 [JavaFX Application Thread] DEBUG FXGLApplication      - Initializing FXGL
00:59:43.777 [JavaFX Application Thread] INFO  Engine               - FXGL-21 (28.12.2023 13.35) on WINDOWS (J:21.0.1 FX:21.0.1)
00:59:43.777 [JavaFX Application Thread] DEBUG Engine               - JRE Vendor Name: Oracle Corporation
00:59:43.779 [JavaFX Application Thread] DEBUG Engine               - Running on OS: Windows 11 version 10.0
00:59:43.779 [JavaFX Application Thread] DEBUG Engine               - Architecture: amd64
00:59:43.779 [JavaFX Application Thread] INFO  Engine               - Source code and latest versions at: https://github.com/AlmasB/FXGL
00:59:43.779 [JavaFX Application Thread] INFO  Engine               -       Ask questions and discuss at: https://github.com/AlmasB/FXGL/discussions
00:59:43.779 [JavaFX Application Thread] INFO  Engine               -              Join the FXGL chat at: https://gitter.im/AlmasB/FXGL
00:59:43.829 [JavaFX Application Thread] DEBUG PrimaryStageWindow   - Creating a JavaFX scene
00:59:43.854 [JavaFX Application Thread] DEBUG PrimaryStageWindow   - Target settings size: 1000.0 x 1100.0
00:59:43.854 [JavaFX Application Thread] DEBUG PrimaryStageWindow   - Scaled scene size:    1000.0 x 1100.0
00:59:43.854 [JavaFX Application Thread] DEBUG PrimaryStageWindow   - Scaled ratio: (1.0, 1.0)
00:59:43.854 [JavaFX Application Thread] DEBUG PrimaryStageWindow   - Set initial scene to FXGLStartupScene
00:59:43.856 [JavaFX Application Thread] DEBUG PrimaryStageWindow   - Opening main window
00:59:43.903 [JavaFX Application Thread] DEBUG PrimaryStageWindow   - Window border size: (14.66668701171875, 37.3333740234375)
00:59:43.903 [JavaFX Application Thread] DEBUG PrimaryStageWindow   - Scaled size: 1000.0 x 1100.0
00:59:43.903 [JavaFX Application Thread] DEBUG PrimaryStageWindow   - Scaled ratio: (1.0, 1.0)
00:59:43.903 [JavaFX Application Thread] DEBUG PrimaryStageWindow   - Scene size: 1000.0 x 1100.0
00:59:43.904 [JavaFX Application Thread] DEBUG PrimaryStageWindow   - Stage size: 1014.6666870117188 x 1137.3333740234375
00:59:43.907 [FXGL Background Thread 1 ] DEBUG Engine               - Initializing environment variables
00:59:43.931 [FXGL Background Thread 1 ] DEBUG FXGLAssetLoaderServi - User app class for loading assets: class com.babymakingjuice.minesweeper.MineSweeperApp
00:59:43.931 [FXGL Background Thread 1 ] DEBUG GameApplicationServi - Applying CSS: fxgl_dark.css
00:59:43.931 [FXGL Background Thread 1 ] DEBUG FXGLAssetLoaderServi - Loading from file system: jar:file:/C:/Users/olive/.m2/repository/com/github/almasb/fxgl/21/fxgl-21.jar!/fxglassets/ui/css/fxgl_dark.css
00:59:43.951 [FXGL Background Thread 1 ] DEBUG GameApplicationServi - Initializing application scenes
00:59:43.975 [FXGL Background Thread 1 ] DEBUG GameWorld            - Game world initialized
00:59:44.012 [FXGL Background Thread 1 ] DEBUG PhysicsWorld         - Physics world initialized: appHeight=1100, physics.ppm=50.0
00:59:44.012 [FXGL Background Thread 1 ] DEBUG PhysicsWorld         - Using strategy: BRUTE_FORCE
00:59:44.014 [FXGL Background Thread 1 ] DEBUG GameScene            - Game scene initialized: 1000x1100
00:59:44.021 [FXGL Background Thread 1 ] DEBUG FXGL.DefaultMenu     - createMenuBodyGameMenu()
00:59:44.027 [FXGL Background Thread 1 ] DEBUG FXGL.DefaultMenu     - createOptionsMenu()
00:59:44.032 [FXGL Background Thread 1 ] DEBUG FXGLAssetLoaderServi - Loading from file system: jar:file:/C:/Users/olive/.m2/repository/com/github/almasb/fxgl/21/fxgl-21.jar!/fxglassets/textures/particles/smoke.png
00:59:44.087 [FXGL Background Thread 1 ] DEBUG FXGLAssetLoaderServi - Loading from file system: jar:file:/C:/Users/olive/.m2/repository/com/github/almasb/fxgl/21/fxgl-21.jar!/fxglassets/textures/particles/trace_horizontal.png
00:59:44.111 [FXGL Background Thread 1 ] DEBUG GameApplicationServi - Application scenes initialized
00:59:44.118 [FXGL Background Thread 1 ] DEBUG SystemBundleService  - Loading FXGL system data
00:59:44.120 [FXGL Background Thread 1 ] DEBUG FileSystemAccess     - Reading from: C:\Users\olive\Desktop\MineSweeper\system\fxgl.bundle
00:59:44.124 [FXGL Background Thread 1 ] DEBUG SystemBundleService  - Bundle FXGL: {}
00:59:44.124 [FXGL Background Thread 1 ] DEBUG UpdaterService       - Checking for updates
00:59:44.126 [FXGL Background Thread 4 ] DEBUG FXGLApplication      - Loading fonts
00:59:44.126 [FXGL Background Thread 4 ] DEBUG FXGLAssetLoaderServi - Loading from file system: jar:file:/C:/Users/olive/.m2/repository/com/github/almasb/fxgl/21/fxgl-21.jar!/fxglassets/ui/fonts/VarelaRound-Regular.ttf
00:59:44.126 [FXGL Background Thread 1 ] DEBUG FXGLApplication      - Loading default localization
00:59:44.127 [FXGL Background Thread 1 ] DEBUG FXGLAssetLoaderServi - Loading from file system: jar:file:/C:/Users/olive/.m2/repository/com/github/almasb/fxgl/21/fxgl-21.jar!/fxglassets/languages/english.lang
00:59:44.147 [FXGL Background Thread 4 ] DEBUG FXGLAssetLoaderServi - Loading from file system: jar:file:/C:/Users/olive/.m2/repository/com/github/almasb/fxgl/21/fxgl-21.jar!/fxglassets/ui/fonts/Abel-Regular.ttf
00:59:44.149 [FXGL Background Thread 1 ] INFO  FXGLApplication      - FXGL initialization took: 0.241 sec
00:59:44.149 [FXGL Background Thread 4 ] DEBUG FXGLAssetLoaderServi - Loading from file system: jar:file:/C:/Users/olive/.m2/repository/com/github/almasb/fxgl/21/fxgl-21.jar!/fxglassets/ui/fonts/TerminalLandMono-Regular.otf
00:59:44.150 [JavaFX Application Thread] DEBUG FXGLAssetLoaderServi - Loading from file system: jar:file:/C:/Users/olive/.m2/repository/com/github/almasb/fxgl/21/fxgl-21.jar!/fxglassets/textures/fxgl_icon.png
00:59:44.151 [FXGL Background Thread 4 ] DEBUG FXGLAssetLoaderServi - Loading from file system: jar:file:/C:/Users/olive/.m2/repository/com/github/almasb/fxgl/21/fxgl-21.jar!/fxglassets/ui/fonts/Courier-Prime.ttf
00:59:44.160 [JavaFX Application Thread] DEBUG FXGLAssetLoaderServi - Loading from file system: jar:file:/C:/Users/olive/.m2/repository/com/github/almasb/fxgl/21/fxgl-21.jar!/fxglassets/textures/fxgl_default_cursor.png
00:59:44.166 [JavaFX Application Thread] DEBUG Input                - Registered new binding: Screenshot - CTRL+8
00:59:44.167 [JavaFX Application Thread] DEBUG Input                - Registered new binding: System info dump - CTRL+9
00:59:44.167 [JavaFX Application Thread] DEBUG Input                - Registered new binding: Restart - CTRL+R
00:59:44.167 [JavaFX Application Thread] DEBUG Input                - Registered new binding: Toggle Debug Camera - CTRL+7
00:59:44.169 [JavaFX Application Thread] DEBUG LoopRunner           - Starting loop
00:59:44.169 [JavaFX Application Thread] DEBUG LoopRunner           - Initializing JavaFX AnimationTimerLoop
00:59:44.170 [JavaFX Application Thread] DEBUG GameApplicationServi - Starting new game
00:59:44.170 [JavaFX Application Thread] DEBUG Input                - Clearing active input actions
00:59:44.180 [JavaFX Application Thread] DEBUG GameApplicationServi - Removing overlay from FXGLStartupScene and adding to FXGLLoadingScene
00:59:44.181 [JavaFX Application Thread] DEBUG PrimaryStageWindow   - FXGLStartupScene -> FXGLLoadingScene
00:59:44.181 [JavaFX Application Thread] DEBUG GameApplicationServi - Clearing previous game
00:59:44.181 [JavaFX Application Thread] DEBUG GameScene            - Clearing game scene
00:59:44.181 [JavaFX Application Thread] DEBUG GameWorld            - Clearing game world
00:59:44.181 [JavaFX Application Thread] DEBUG PhysicsWorld         - Clearing physics world
00:59:44.182 [JavaFX Application Thread] DEBUG FXGLApplication      - Registering font factories with UI factory
00:59:44.182 [FXGL Background Thread 4 ] DEBUG FXGLApplication      - Initializing game
00:59:44.195 [FXGL Background Thread 4 ] DEBUG FXGLAssetLoaderServi - Loading from file system: file:/C:/Users/olive/Desktop/MineSweeper/target/classes/assets/textures/bannerBackground.png
00:59:44.204 [FXGL Background Thread 4 ] DEBUG FXGLAssetLoaderServi - Loading from file system: file:/C:/Users/olive/Desktop/MineSweeper/target/classes/assets/textures/tileBackground.png
00:59:44.210 [FXGL Background Thread 4 ] DEBUG FXGLAssetLoaderServi - Loading from file system: file:/C:/Users/olive/Desktop/MineSweeper/target/classes/assets/textures/tileUnpressed.png
00:59:44.249 [FXGL Background Thread 4 ] INFO  FXGLApplication      - Game initialization took: 0.067 sec
00:59:44.275 [JavaFX Application Thread] DEBUG Input                - Clearing active input actions
00:59:44.282 [JavaFX Application Thread] DEBUG GameApplicationServi - Removing overlay from FXGLLoadingScene and adding to GameScene
00:59:44.282 [JavaFX Application Thread] DEBUG PrimaryStageWindow   - FXGLLoadingScene -> GameScene
00:59:45.760 [JavaFX Application Thread] DEBUG EventBus             - Firing event: com.babymakingjuice.minesweeper.GameEvents$MoveEvent[source=javafx.event.Event$$Lambda/0x000001c601178220@47ecf5e4]
00:59:45.761 [JavaFX Application Thread] DEBUG EventBus             - Firing event: com.babymakingjuice.minesweeper.GameEvents$BoardUpdatedEvent[source=javafx.event.Event$$Lambda/0x000001c601178220@47ecf5e4]
00:59:45.763 [JavaFX Application Thread] DEBUG FXGLAssetLoaderServi - Loading from file system: file:/C:/Users/olive/Desktop/MineSweeper/target/classes/assets/textures/tileFlag.png
00:59:46.435 [JavaFX Application Thread] DEBUG EventBus             - Firing event: com.babymakingjuice.minesweeper.GameEvents$MoveEvent[source=javafx.event.Event$$Lambda/0x000001c601178220@47ecf5e4]
00:59:46.701 [JavaFX Application Thread] DEBUG EventBus             - Firing event: com.babymakingjuice.minesweeper.GameEvents$MoveEvent[source=javafx.event.Event$$Lambda/0x000001c601178220@47ecf5e4]
00:59:46.887 [JavaFX Application Thread] DEBUG EventBus             - Firing event: com.babymakingjuice.minesweeper.GameEvents$MoveEvent[source=javafx.event.Event$$Lambda/0x000001c601178220@47ecf5e4]
00:59:47.072 [JavaFX Application Thread] DEBUG EventBus             - Firing event: com.babymakingjuice.minesweeper.GameEvents$MoveEvent[source=javafx.event.Event$$Lambda/0x000001c601178220@47ecf5e4]
00:59:47.127 [FXGL Background Thread 3 ] DEBUG Engine               - Logging environment variables
00:59:47.127 [FXGL Background Thread 3 ] DEBUG Engine               - achievements: []
00:59:47.127 [FXGL Background Thread 3 ] DEBUG Engine               - actualHeight: 1100.0
00:59:47.127 [FXGL Background Thread 3 ] DEBUG Engine               - actualHeightProperty: ReadOnlyDoubleProperty [value: 1100.0]
00:59:47.127 [FXGL Background Thread 3 ] DEBUG Engine               - actualWidth: 1000.0
00:59:47.127 [FXGL Background Thread 3 ] DEBUG Engine               - actualWidthProperty: ReadOnlyDoubleProperty [value: 1000.0]
00:59:47.127 [FXGL Background Thread 3 ] DEBUG Engine               - appIcon: fxgl_icon.png
00:59:47.127 [FXGL Background Thread 3 ] DEBUG Engine               - applicationMode: DEVELOPER
00:59:47.127 [FXGL Background Thread 3 ] DEBUG Engine               - cSSList: [fxgl_dark.css]
00:59:47.127 [FXGL Background Thread 3 ] DEBUG Engine               - collisionDetectionStrategy: BRUTE_FORCE
00:59:47.127 [FXGL Background Thread 3 ] DEBUG Engine               - configClass: Optional.empty
00:59:47.127 [FXGL Background Thread 3 ] DEBUG Engine               - credits: []
00:59:47.127 [FXGL Background Thread 3 ] DEBUG Engine               - defaultCursor: CursorInfo(imageName=fxgl_default_cursor.png, hotspotX=7.0, hotspotY=6.0)
00:59:47.127 [FXGL Background Thread 3 ] DEBUG Engine               - devBBoxColorProperty: ObjectProperty [value: 0xff0000ff]
00:59:47.127 [FXGL Background Thread 3 ] DEBUG Engine               - devEnableDebugCameraProperty: BooleanProperty [value: false]
00:59:47.127 [FXGL Background Thread 3 ] DEBUG Engine               - devSensorColorProperty: ObjectProperty [value: 0xffff00ff]
00:59:47.127 [FXGL Background Thread 3 ] DEBUG Engine               - devShowBBoxProperty: BooleanProperty [value: false]
00:59:47.127 [FXGL Background Thread 3 ] DEBUG Engine               - devShowPositionProperty: BooleanProperty [value: false]
00:59:47.127 [FXGL Background Thread 3 ] DEBUG Engine               - enabledMenuItems: []
00:59:47.127 [FXGL Background Thread 3 ] DEBUG Engine               - engineServices: [class com.almasb.fxgl.app.services.FXGLAssetLoaderService, class com.almasb.fxgl.app.FXGLApplication$GameApplicationService, class com.almasb.fxgl.app.services.FXGLDialogService, class com.almasb.fxgl.app.services.IOTaskExecutorService, class com.almasb.fxgl.io.FileSystemService, class com.almasb.fxgl.localization.LocalizationService, class com.almasb.fxgl.app.services.SystemBundleService, class com.almasb.fxgl.profile.SaveLoadService, class com.almasb.fxgl.ui.FXGLUIFactoryServiceProvider, class com.almasb.fxgl.ui.FXGLDialogFactoryServiceProvider, class com.almasb.fxgl.audio.AudioPlayer, class com.almasb.fxgl.notification.impl.NotificationServiceProvider, class com.almasb.fxgl.achievement.AchievementService, class com.almasb.fxgl.cutscene.CutsceneService, class com.almasb.fxgl.minigames.MiniGameService, class com.almasb.fxgl.net.NetService, class com.almasb.fxgl.app.services.UpdaterService, class com.almasb.fxgl.dev.DevService]
00:59:47.127 [FXGL Background Thread 3 ] DEBUG Engine               - fontGame: Abel-Regular.ttf
00:59:47.127 [FXGL Background Thread 3 ] DEBUG Engine               - fontMono: TerminalLandMono-Regular.otf
00:59:47.127 [FXGL Background Thread 3 ] DEBUG Engine               - fontSizeScaleUI: 1.0
00:59:47.127 [FXGL Background Thread 3 ] DEBUG Engine               - fontText: Courier-Prime.ttf
00:59:47.127 [FXGL Background Thread 3 ] DEBUG Engine               - fontUI: VarelaRound-Regular.ttf
00:59:47.127 [FXGL Background Thread 3 ] DEBUG Engine               - fullScreen: BooleanProperty [value: false]
00:59:47.127 [FXGL Background Thread 3 ] DEBUG Engine               - gameDifficulty: MEDIUM
00:59:47.127 [FXGL Background Thread 3 ] DEBUG Engine               - gameDifficultyProperty: ObjectProperty [value: MEDIUM]
00:59:47.127 [FXGL Background Thread 3 ] DEBUG Engine               - globalMusicVolume: 0.5
00:59:47.127 [FXGL Background Thread 3 ] DEBUG Engine               - globalMusicVolumeProperty: DoubleProperty [value: 0.5]
00:59:47.127 [FXGL Background Thread 3 ] DEBUG Engine               - globalSoundVolume: 0.5
00:59:47.127 [FXGL Background Thread 3 ] DEBUG Engine               - globalSoundVolumeProperty: DoubleProperty [value: 0.5]
00:59:47.127 [FXGL Background Thread 3 ] DEBUG Engine               - height: 1100
00:59:47.129 [FXGL Background Thread 3 ] DEBUG Engine               - is3D: false
00:59:47.129 [FXGL Background Thread 3 ] DEBUG Engine               - isAndroid: false
00:59:47.129 [FXGL Background Thread 3 ] DEBUG Engine               - isBrowser: false
00:59:47.129 [FXGL Background Thread 3 ] DEBUG Engine               - isClickFeedbackEnabled: false
00:59:47.129 [FXGL Background Thread 3 ] DEBUG Engine               - isCloseConfirmation: false
00:59:47.129 [FXGL Background Thread 3 ] DEBUG Engine               - isDesktop: true
00:59:47.129 [FXGL Background Thread 3 ] DEBUG Engine               - isDeveloperMenuEnabled: false
00:59:47.129 [FXGL Background Thread 3 ] DEBUG Engine               - isEmbedded: false
00:59:47.129 [FXGL Background Thread 3 ] DEBUG Engine               - isEntityPreloadEnabled: true
00:59:47.129 [FXGL Background Thread 3 ] DEBUG Engine               - isExperimentalTiledLargeMap: false
00:59:47.129 [FXGL Background Thread 3 ] DEBUG Engine               - isFileSystemWriteAllowed: true
00:59:47.129 [FXGL Background Thread 3 ] DEBUG Engine               - isFullScreenAllowed: false
00:59:47.129 [FXGL Background Thread 3 ] DEBUG Engine               - isFullScreenFromStart: false
00:59:47.129 [FXGL Background Thread 3 ] DEBUG Engine               - isGameMenuEnabled: true
00:59:47.129 [FXGL Background Thread 3 ] DEBUG Engine               - isIOS: false
00:59:47.129 [FXGL Background Thread 3 ] DEBUG Engine               - isIntroEnabled: false
00:59:47.129 [FXGL Background Thread 3 ] DEBUG Engine               - isLinux: false
00:59:47.129 [FXGL Background Thread 3 ] DEBUG Engine               - isMac: false
00:59:47.129 [FXGL Background Thread 3 ] DEBUG Engine               - isMainMenuEnabled: false
00:59:47.129 [FXGL Background Thread 3 ] DEBUG Engine               - isManualResizeEnabled: false
00:59:47.129 [FXGL Background Thread 3 ] DEBUG Engine               - isMobile: false
00:59:47.129 [FXGL Background Thread 3 ] DEBUG Engine               - isNative: false
00:59:47.129 [FXGL Background Thread 3 ] DEBUG Engine               - isPauseMusicWhenMinimized: true
00:59:47.129 [FXGL Background Thread 3 ] DEBUG Engine               - isPreserveResizeRatio: false
00:59:47.129 [FXGL Background Thread 3 ] DEBUG Engine               - isProfilingEnabled: false
00:59:47.129 [FXGL Background Thread 3 ] DEBUG Engine               - isScaleAffectedOnResize: true
00:59:47.129 [FXGL Background Thread 3 ] DEBUG Engine               - isSingleStep: false
00:59:47.129 [FXGL Background Thread 3 ] DEBUG Engine               - isUserProfileEnabled: false
00:59:47.129 [FXGL Background Thread 3 ] DEBUG Engine               - isWindows: true
00:59:47.129 [FXGL Background Thread 3 ] DEBUG Engine               - language: ObjectProperty [value: ENGLISH]
00:59:47.129 [FXGL Background Thread 3 ] DEBUG Engine               - menuKey: ESCAPE
00:59:47.129 [FXGL Background Thread 3 ] DEBUG Engine               - mouseSensitivity: 0.2
00:59:47.129 [FXGL Background Thread 3 ] DEBUG Engine               - notificationViewClass: class com.almasb.fxgl.notification.view.XboxNotificationView
00:59:47.129 [FXGL Background Thread 3 ] DEBUG Engine               - pixelsPerMeter: 50.0
00:59:47.129 [FXGL Background Thread 3 ] DEBUG Engine               - platform: WINDOWS
00:59:47.129 [FXGL Background Thread 3 ] DEBUG Engine               - prefHeightProperty: ReadOnlyDoubleProperty [value: 1100.0]
00:59:47.129 [FXGL Background Thread 3 ] DEBUG Engine               - prefWidthProperty: ReadOnlyDoubleProperty [value: 1000.0]
00:59:47.129 [FXGL Background Thread 3 ] DEBUG Engine               - profileDir: profiles/
00:59:47.129 [FXGL Background Thread 3 ] DEBUG Engine               - profileName: StringProperty [value: DEFAULT]
00:59:47.129 [FXGL Background Thread 3 ] DEBUG Engine               - randomSeed: -1
00:59:47.129 [FXGL Background Thread 3 ] DEBUG Engine               - runtimeInfo: RuntimeInfo(platform=WINDOWS, version=21, build=28.12.2023 13.35)
00:59:47.129 [FXGL Background Thread 3 ] DEBUG Engine               - saveFileExt: sav
00:59:47.129 [FXGL Background Thread 3 ] DEBUG Engine               - scaledHeightProp$fxgl: DoubleProperty [bound, value: 1100.0]
00:59:47.129 [FXGL Background Thread 3 ] DEBUG Engine               - scaledWidthProp$fxgl: DoubleProperty [bound, value: 1000.0]
00:59:47.129 [FXGL Background Thread 3 ] DEBUG Engine               - sceneFactory: com.almasb.fxgl.app.scene.SceneFactory@40decb7c
00:59:47.129 [FXGL Background Thread 3 ] DEBUG Engine               - secondsIn24h: 60
00:59:47.129 [FXGL Background Thread 3 ] DEBUG Engine               - soundMenuBack: menu/back.wav
00:59:47.129 [FXGL Background Thread 3 ] DEBUG Engine               - soundMenuPress: menu/press.wav
00:59:47.129 [FXGL Background Thread 3 ] DEBUG Engine               - soundMenuSelect: menu/select.wav
00:59:47.129 [FXGL Background Thread 3 ] DEBUG Engine               - soundNotification: core/notification.wav
00:59:47.129 [FXGL Background Thread 3 ] DEBUG Engine               - stageStyle: DECORATED
00:59:47.129 [FXGL Background Thread 3 ] DEBUG Engine               - supportedLanguages: [ENGLISH, FRENCH, GERMAN, HUNGARIAN, RUSSIAN]
00:59:47.129 [FXGL Background Thread 3 ] DEBUG Engine               - ticksPerSecond: -1
00:59:47.129 [FXGL Background Thread 3 ] DEBUG Engine               - title: Mine Sweeper
00:59:47.129 [FXGL Background Thread 3 ] DEBUG Engine               - urlGithub: https://github.com/AlmasB/FXGL
00:59:47.129 [FXGL Background Thread 3 ] DEBUG Engine               - urlLeaderboard: http://fxgl-top.herokuapp.com/
00:59:47.129 [FXGL Background Thread 3 ] DEBUG Engine               - urlPOM: https://raw.githubusercontent.com/AlmasB/FXGL/release/README.md
00:59:47.129 [FXGL Background Thread 3 ] DEBUG Engine               - userAppClass: class com.babymakingjuice.minesweeper.MineSweeperApp
00:59:47.129 [FXGL Background Thread 3 ] DEBUG Engine               - version: .0.1
00:59:47.129 [FXGL Background Thread 3 ] DEBUG Engine               - versionCheckDays: 7
00:59:47.129 [FXGL Background Thread 3 ] DEBUG Engine               - width: 1000
00:59:47.129 [FXGL Background Thread 3 ] DEBUG Engine               - Logging services
00:59:47.129 [FXGL Background Thread 3 ] DEBUG Engine               - class com.almasb.fxgl.app.services.FXGLAssetLoaderService
00:59:47.129 [FXGL Background Thread 3 ] DEBUG Engine               - class com.almasb.fxgl.app.FXGLApplication$GameApplicationService
00:59:47.129 [FXGL Background Thread 3 ] DEBUG Engine               - class com.almasb.fxgl.app.services.FXGLDialogService
00:59:47.129 [FXGL Background Thread 3 ] DEBUG Engine               - class com.almasb.fxgl.app.services.IOTaskExecutorService
00:59:47.129 [FXGL Background Thread 3 ] DEBUG Engine               - class com.almasb.fxgl.io.FileSystemService
00:59:47.129 [FXGL Background Thread 3 ] DEBUG Engine               - class com.almasb.fxgl.localization.LocalizationService
00:59:47.129 [FXGL Background Thread 3 ] DEBUG Engine               - class com.almasb.fxgl.app.services.SystemBundleService
00:59:47.129 [FXGL Background Thread 3 ] DEBUG Engine               - class com.almasb.fxgl.profile.SaveLoadService
00:59:47.129 [FXGL Background Thread 3 ] DEBUG Engine               - class com.almasb.fxgl.ui.FXGLUIFactoryServiceProvider
00:59:47.129 [FXGL Background Thread 3 ] DEBUG Engine               - class com.almasb.fxgl.ui.FXGLDialogFactoryServiceProvider
00:59:47.129 [FXGL Background Thread 3 ] DEBUG Engine               - class com.almasb.fxgl.audio.AudioPlayer
00:59:47.129 [FXGL Background Thread 3 ] DEBUG Engine               - class com.almasb.fxgl.notification.impl.NotificationServiceProvider
00:59:47.129 [FXGL Background Thread 3 ] DEBUG Engine               - class com.almasb.fxgl.achievement.AchievementService
00:59:47.129 [FXGL Background Thread 3 ] DEBUG Engine               - class com.almasb.fxgl.cutscene.CutsceneService
00:59:47.129 [FXGL Background Thread 3 ] DEBUG Engine               - class com.almasb.fxgl.minigames.MiniGameService
00:59:47.129 [FXGL Background Thread 3 ] DEBUG Engine               - class com.almasb.fxgl.net.NetService
00:59:47.129 [FXGL Background Thread 3 ] DEBUG Engine               - class com.almasb.fxgl.app.services.UpdaterService
00:59:47.129 [FXGL Background Thread 3 ] DEBUG Engine               - class com.almasb.fxgl.dev.DevService
00:59:48.028 [JavaFX Application Thread] DEBUG EventBus             - Firing event: com.babymakingjuice.minesweeper.GameEvents$MoveEvent[source=javafx.event.Event$$Lambda/0x000001c601178220@47ecf5e4]
00:59:48.028 [JavaFX Application Thread] DEBUG EventBus             - Firing event: com.babymakingjuice.minesweeper.GameEvents$BoardUpdatedEvent[source=javafx.event.Event$$Lambda/0x000001c601178220@47ecf5e4]
00:59:48.030 [JavaFX Application Thread] DEBUG FXGLAssetLoaderServi - Loading from file system: file:/C:/Users/olive/Desktop/MineSweeper/target/classes/assets/textures/mineNumbers/mineCount1.png
00:59:49.996 [JavaFX Application Thread] DEBUG EventBus             - Firing event: com.babymakingjuice.minesweeper.GameEvents$MoveEvent[source=javafx.event.Event$$Lambda/0x000001c601178220@47ecf5e4]
00:59:49.996 [JavaFX Application Thread] DEBUG EventBus             - Firing event: com.babymakingjuice.minesweeper.GameEvents$BoardUpdatedEvent[source=javafx.event.Event$$Lambda/0x000001c601178220@47ecf5e4]
00:59:52.504 [JavaFX Application Thread] DEBUG EventBus             - Firing event: com.babymakingjuice.minesweeper.GameEvents$MoveEvent[source=javafx.event.Event$$Lambda/0x000001c601178220@47ecf5e4]
00:59:52.505 [JavaFX Application Thread] DEBUG EventBus             - Firing event: com.babymakingjuice.minesweeper.GameEvents$BoardUpdatedEvent[source=javafx.event.Event$$Lambda/0x000001c601178220@47ecf5e4]
00:59:52.505 [JavaFX Application Thread] DEBUG FXGLAssetLoaderServi - Loading from file system: file:/C:/Users/olive/Desktop/MineSweeper/target/classes/assets/textures/mineNumbers/mineCount0.png
00:59:52.506 [JavaFX Application Thread] DEBUG FXGLAssetLoaderServi - Loading from file system: file:/C:/Users/olive/Desktop/MineSweeper/target/classes/assets/textures/mineNumbers/mineCount2.png
00:59:57.793 [JavaFX Application Thread] DEBUG EventBus             - Firing event: com.babymakingjuice.minesweeper.GameEvents$MoveEvent[source=javafx.event.Event$$Lambda/0x000001c601178220@47ecf5e4]
00:59:57.793 [JavaFX Application Thread] DEBUG EventBus             - Firing event: com.babymakingjuice.minesweeper.GameEvents$BoardUpdatedEvent[source=javafx.event.Event$$Lambda/0x000001c601178220@47ecf5e4]
00:59:58.389 [JavaFX Application Thread] DEBUG EventBus             - Firing event: com.babymakingjuice.minesweeper.GameEvents$MoveEvent[source=javafx.event.Event$$Lambda/0x000001c601178220@47ecf5e4]
00:59:58.389 [JavaFX Application Thread] DEBUG EventBus             - Firing event: com.babymakingjuice.minesweeper.GameEvents$BoardUpdatedEvent[source=javafx.event.Event$$Lambda/0x000001c601178220@47ecf5e4]
00:59:58.390 [JavaFX Application Thread] DEBUG FXGLAssetLoaderServi - Loading from file system: file:/C:/Users/olive/Desktop/MineSweeper/target/classes/assets/textures/tileMine.png
01:00:03.924 [JavaFX Application Thread] DEBUG EventBus             - Firing event: com.babymakingjuice.minesweeper.GameEvents$MoveEvent[source=javafx.event.Event$$Lambda/0x000001c601178220@47ecf5e4]
01:00:03.924 [JavaFX Application Thread] DEBUG EventBus             - Firing event: com.babymakingjuice.minesweeper.GameEvents$BoardUpdatedEvent[source=javafx.event.Event$$Lambda/0x000001c601178220@47ecf5e4]
01:00:09.911 [JavaFX Application Thread] DEBUG FXGLApplication      - Exiting FXGL
01:00:09.911 [JavaFX Application Thread] DEBUG LoopRunner           - Stopping loop
01:00:09.911 [JavaFX Application Thread] DEBUG SystemBundleService  - Saving FXGL system data
01:00:09.911 [JavaFX Application Thread] DEBUG FileSystemAccess     - Writing to: C:\Users\olive\Desktop\MineSweeper\system\fxgl.bundle
01:00:09.913 [JavaFX Application Thread] DEBUG Async                - Shutting down background threads
01:00:09.913 [JavaFX Application Thread] DEBUG PrimaryStageWindow   - Closing main window
01:00:09.919 [JavaFX Application Thread] DEBUG Logger               - Closing Logger
