02:28:20.384 [main                     ] DEBUG Logger               - Configured Logger
02:28:20.397 [main                     ] DEBUG GameApplication      - Logging settings
Title: Mine Sweeper
Version: v1.0
Width: 1000
Height: 1100
Fullscreen: false
Intro: false
Profiling: false
Single step:false
App Mode: DEVELOPER
Menu Key: ESCAPE
Stage Style: DECORATED
Scene Factory: class com.almasb.fxgl.app.scene.SceneFactory

02:28:20.599 [JavaFX Application Thread] DEBUG FXGLApplication      - Initializing FXGL
02:28:20.601 [JavaFX Application Thread] INFO  Engine               - FXGL-21 (28.12.2023 13.35) on WINDOWS (J:21.0.1 FX:21.0.1)
02:28:20.601 [JavaFX Application Thread] DEBUG Engine               - JRE Vendor Name: Oracle Corporation
02:28:20.601 [JavaFX Application Thread] DEBUG Engine               - Running on OS: Windows 11 version 10.0
02:28:20.601 [JavaFX Application Thread] DEBUG Engine               - Architecture: amd64
02:28:20.601 [JavaFX Application Thread] INFO  Engine               - Source code and latest versions at: https://github.com/AlmasB/FXGL
02:28:20.601 [JavaFX Application Thread] INFO  Engine               -       Ask questions and discuss at: https://github.com/AlmasB/FXGL/discussions
02:28:20.601 [JavaFX Application Thread] INFO  Engine               -              Join the FXGL chat at: https://gitter.im/AlmasB/FXGL
02:28:20.649 [JavaFX Application Thread] DEBUG PrimaryStageWindow   - Creating a JavaFX scene
02:28:20.672 [JavaFX Application Thread] DEBUG PrimaryStageWindow   - Target settings size: 1000.0 x 1100.0
02:28:20.672 [JavaFX Application Thread] DEBUG PrimaryStageWindow   - Scaled scene size:    1000.0 x 1100.0
02:28:20.672 [JavaFX Application Thread] DEBUG PrimaryStageWindow   - Scaled ratio: (1.0, 1.0)
02:28:20.672 [JavaFX Application Thread] DEBUG PrimaryStageWindow   - Set initial scene to FXGLStartupScene
02:28:20.674 [JavaFX Application Thread] DEBUG PrimaryStageWindow   - Opening main window
02:28:20.717 [JavaFX Application Thread] DEBUG PrimaryStageWindow   - Window border size: (14.66668701171875, 37.3333740234375)
02:28:20.717 [JavaFX Application Thread] DEBUG PrimaryStageWindow   - Scaled size: 1000.0 x 1100.0
02:28:20.717 [JavaFX Application Thread] DEBUG PrimaryStageWindow   - Scaled ratio: (1.0, 1.0)
02:28:20.717 [JavaFX Application Thread] DEBUG PrimaryStageWindow   - Scene size: 1000.0 x 1100.0
02:28:20.717 [JavaFX Application Thread] DEBUG PrimaryStageWindow   - Stage size: 1014.6666870117188 x 1137.3333740234375
02:28:20.720 [FXGL Background Thread 1 ] DEBUG Engine               - Initializing environment variables
02:28:20.744 [FXGL Background Thread 1 ] DEBUG FXGLAssetLoaderServi - User app class for loading assets: class com.babymakingjuice.minesweeper.MineSweeperApp
02:28:20.744 [FXGL Background Thread 1 ] DEBUG GameApplicationServi - Applying CSS: fxgl_dark.css
02:28:20.745 [FXGL Background Thread 1 ] DEBUG FXGLAssetLoaderServi - Loading from file system: jar:file:/C:/Users/olive/.m2/repository/com/github/almasb/fxgl/21/fxgl-21.jar!/fxglassets/ui/css/fxgl_dark.css
02:28:20.764 [FXGL Background Thread 1 ] DEBUG GameApplicationServi - Initializing application scenes
02:28:20.785 [FXGL Background Thread 1 ] DEBUG GameWorld            - Game world initialized
02:28:20.821 [FXGL Background Thread 1 ] DEBUG PhysicsWorld         - Physics world initialized: appHeight=1100, physics.ppm=50.0
02:28:20.822 [FXGL Background Thread 1 ] DEBUG PhysicsWorld         - Using strategy: BRUTE_FORCE
02:28:20.824 [FXGL Background Thread 1 ] DEBUG GameScene            - Game scene initialized: 1000x1100
02:28:20.824 [FXGL Background Thread 1 ] DEBUG GameApplicationServi - Application scenes initialized
02:28:20.834 [FXGL Background Thread 1 ] DEBUG SystemBundleService  - Loading FXGL system data
02:28:20.836 [FXGL Background Thread 1 ] DEBUG FileSystemAccess     - Reading from: C:\Users\olive\Desktop\MineSweeper\system\fxgl.bundle
02:28:20.840 [FXGL Background Thread 1 ] DEBUG SystemBundleService  - Bundle FXGL: {}
02:28:20.840 [FXGL Background Thread 1 ] DEBUG UpdaterService       - Checking for updates
02:28:20.842 [FXGL Background Thread 4 ] DEBUG FXGLApplication      - Loading fonts
02:28:20.842 [FXGL Background Thread 4 ] DEBUG FXGLAssetLoaderServi - Loading from file system: jar:file:/C:/Users/olive/.m2/repository/com/github/almasb/fxgl/21/fxgl-21.jar!/fxglassets/ui/fonts/VarelaRound-Regular.ttf
02:28:20.842 [FXGL Background Thread 1 ] DEBUG FXGLApplication      - Loading default localization
02:28:20.842 [FXGL Background Thread 1 ] DEBUG FXGLAssetLoaderServi - Loading from file system: jar:file:/C:/Users/olive/.m2/repository/com/github/almasb/fxgl/21/fxgl-21.jar!/fxglassets/languages/english.lang
02:28:20.860 [FXGL Background Thread 1 ] INFO  FXGLApplication      - FXGL initialization took: 0.139 sec
02:28:20.860 [FXGL Background Thread 4 ] DEBUG FXGLAssetLoaderServi - Loading from file system: jar:file:/C:/Users/olive/.m2/repository/com/github/almasb/fxgl/21/fxgl-21.jar!/fxglassets/ui/fonts/Abel-Regular.ttf
02:28:20.860 [JavaFX Application Thread] DEBUG FXGLAssetLoaderServi - Loading from file system: jar:file:/C:/Users/olive/.m2/repository/com/github/almasb/fxgl/21/fxgl-21.jar!/fxglassets/textures/fxgl_icon.png
02:28:20.861 [FXGL Background Thread 4 ] DEBUG FXGLAssetLoaderServi - Loading from file system: jar:file:/C:/Users/olive/.m2/repository/com/github/almasb/fxgl/21/fxgl-21.jar!/fxglassets/ui/fonts/TerminalLandMono-Regular.otf
02:28:20.863 [FXGL Background Thread 4 ] DEBUG FXGLAssetLoaderServi - Loading from file system: jar:file:/C:/Users/olive/.m2/repository/com/github/almasb/fxgl/21/fxgl-21.jar!/fxglassets/ui/fonts/Courier-Prime.ttf
02:28:20.881 [JavaFX Application Thread] DEBUG FXGLAssetLoaderServi - Loading from file system: jar:file:/C:/Users/olive/.m2/repository/com/github/almasb/fxgl/21/fxgl-21.jar!/fxglassets/textures/fxgl_default_cursor.png
02:28:20.886 [JavaFX Application Thread] DEBUG Input                - Registered new binding: Screenshot - CTRL+8
02:28:20.886 [JavaFX Application Thread] DEBUG Input                - Registered new binding: System info dump - CTRL+9
02:28:20.886 [JavaFX Application Thread] DEBUG Input                - Registered new binding: Restart - CTRL+R
02:28:20.887 [JavaFX Application Thread] DEBUG Input                - Registered new binding: Toggle Debug Camera - CTRL+7
02:28:20.888 [JavaFX Application Thread] DEBUG LoopRunner           - Starting loop
02:28:20.888 [JavaFX Application Thread] DEBUG LoopRunner           - Initializing JavaFX AnimationTimerLoop
02:28:20.889 [JavaFX Application Thread] DEBUG GameApplicationServi - Starting new game
02:28:20.890 [JavaFX Application Thread] DEBUG Input                - Clearing active input actions
02:28:20.896 [JavaFX Application Thread] DEBUG GameApplicationServi - Removing overlay from FXGLStartupScene and adding to FXGLLoadingScene
02:28:20.896 [JavaFX Application Thread] DEBUG PrimaryStageWindow   - FXGLStartupScene -> FXGLLoadingScene
02:28:20.896 [JavaFX Application Thread] DEBUG GameApplicationServi - Clearing previous game
02:28:20.896 [JavaFX Application Thread] DEBUG GameScene            - Clearing game scene
02:28:20.896 [JavaFX Application Thread] DEBUG GameWorld            - Clearing game world
02:28:20.896 [JavaFX Application Thread] DEBUG PhysicsWorld         - Clearing physics world
02:28:20.898 [FXGL Background Thread 4 ] DEBUG FXGLApplication      - Initializing game
02:28:20.900 [JavaFX Application Thread] DEBUG FXGLApplication      - Registering font factories with UI factory
02:28:20.909 [FXGL Background Thread 4 ] DEBUG FXGLAssetLoaderServi - Loading from file system: file:/C:/Users/olive/Desktop/MineSweeper/target/classes/assets/textures/bannerBackground.png
02:28:20.915 [FXGL Background Thread 4 ] DEBUG FXGLAssetLoaderServi - Loading from file system: file:/C:/Users/olive/Desktop/MineSweeper/target/classes/assets/textures/tileBackground.png
02:28:20.919 [FXGL Background Thread 4 ] DEBUG FXGLAssetLoaderServi - Loading from file system: file:/C:/Users/olive/Desktop/MineSweeper/target/classes/assets/textures/tileUnpressed.png
02:28:20.957 [FXGL Background Thread 4 ] INFO  FXGLApplication      - Game initialization took: 0.059 sec
02:28:20.973 [JavaFX Application Thread] DEBUG Input                - Clearing active input actions
02:28:20.980 [JavaFX Application Thread] DEBUG GameApplicationServi - Removing overlay from FXGLLoadingScene and adding to GameScene
02:28:20.980 [JavaFX Application Thread] DEBUG PrimaryStageWindow   - FXGLLoadingScene -> GameScene
02:28:21.546 [JavaFX Application Thread] DEBUG EventBus             - Firing event: com.babymakingjuice.minesweeper.GameEvents$MoveEvent[source=javafx.event.Event$$Lambda/0x0000027481178220@3ce265d7]
02:28:21.547 [JavaFX Application Thread] DEBUG EventBus             - Firing event: com.babymakingjuice.minesweeper.GameEvents$BoardUpdatedEvent[source=javafx.event.Event$$Lambda/0x0000027481178220@3ce265d7]
02:28:21.548 [JavaFX Application Thread] DEBUG FXGLAssetLoaderServi - Loading from file system: file:/C:/Users/olive/Desktop/MineSweeper/target/classes/assets/textures/mineNumbers/mineCount1.png
02:28:22.013 [JavaFX Application Thread] DEBUG EventBus             - Firing event: com.babymakingjuice.minesweeper.GameEvents$MoveEvent[source=javafx.event.Event$$Lambda/0x0000027481178220@3ce265d7]
02:28:22.013 [JavaFX Application Thread] DEBUG EventBus             - Firing event: com.babymakingjuice.minesweeper.GameEvents$BoardUpdatedEvent[source=javafx.event.Event$$Lambda/0x0000027481178220@3ce265d7]
02:28:22.354 [JavaFX Application Thread] DEBUG EventBus             - Firing event: com.babymakingjuice.minesweeper.GameEvents$MoveEvent[source=javafx.event.Event$$Lambda/0x0000027481178220@3ce265d7]
02:28:22.354 [JavaFX Application Thread] DEBUG EventBus             - Firing event: com.babymakingjuice.minesweeper.GameEvents$BoardUpdatedEvent[source=javafx.event.Event$$Lambda/0x0000027481178220@3ce265d7]
02:28:22.646 [JavaFX Application Thread] DEBUG EventBus             - Firing event: com.babymakingjuice.minesweeper.GameEvents$MoveEvent[source=javafx.event.Event$$Lambda/0x0000027481178220@3ce265d7]
02:28:22.646 [JavaFX Application Thread] DEBUG EventBus             - Firing event: com.babymakingjuice.minesweeper.GameEvents$BoardUpdatedEvent[source=javafx.event.Event$$Lambda/0x0000027481178220@3ce265d7]
02:28:22.647 [JavaFX Application Thread] DEBUG FXGLAssetLoaderServi - Loading from file system: file:/C:/Users/olive/Desktop/MineSweeper/target/classes/assets/textures/tileMine.png
02:28:23.493 [JavaFX Application Thread] DEBUG EventBus             - Firing event: com.babymakingjuice.minesweeper.GameEvents$MoveEvent[source=javafx.event.Event$$Lambda/0x0000027481178220@3ce265d7]
02:28:23.494 [JavaFX Application Thread] DEBUG EventBus             - Firing event: com.babymakingjuice.minesweeper.GameEvents$BoardUpdatedEvent[source=javafx.event.Event$$Lambda/0x0000027481178220@3ce265d7]
02:28:23.494 [JavaFX Application Thread] DEBUG FXGLAssetLoaderServi - Loading from file system: file:/C:/Users/olive/Desktop/MineSweeper/target/classes/assets/textures/mineNumbers/mineCount0.png
02:28:23.842 [FXGL Background Thread 3 ] DEBUG Engine               - Logging environment variables
02:28:23.843 [FXGL Background Thread 3 ] DEBUG Engine               - achievements: []
02:28:23.843 [FXGL Background Thread 3 ] DEBUG Engine               - actualHeight: 1100.0
02:28:23.843 [FXGL Background Thread 3 ] DEBUG Engine               - actualHeightProperty: ReadOnlyDoubleProperty [value: 1100.0]
02:28:23.843 [FXGL Background Thread 3 ] DEBUG Engine               - actualWidth: 1000.0
02:28:23.843 [FXGL Background Thread 3 ] DEBUG Engine               - actualWidthProperty: ReadOnlyDoubleProperty [value: 1000.0]
02:28:23.843 [FXGL Background Thread 3 ] DEBUG Engine               - appIcon: fxgl_icon.png
02:28:23.843 [FXGL Background Thread 3 ] DEBUG Engine               - applicationMode: DEVELOPER
02:28:23.843 [FXGL Background Thread 3 ] DEBUG Engine               - cSSList: [fxgl_dark.css]
02:28:23.843 [FXGL Background Thread 3 ] DEBUG Engine               - collisionDetectionStrategy: BRUTE_FORCE
02:28:23.843 [FXGL Background Thread 3 ] DEBUG Engine               - configClass: Optional.empty
02:28:23.843 [FXGL Background Thread 3 ] DEBUG Engine               - credits: []
02:28:23.843 [FXGL Background Thread 3 ] DEBUG Engine               - defaultCursor: CursorInfo(imageName=fxgl_default_cursor.png, hotspotX=7.0, hotspotY=6.0)
02:28:23.843 [FXGL Background Thread 3 ] DEBUG Engine               - devBBoxColorProperty: ObjectProperty [value: 0xff0000ff]
02:28:23.843 [FXGL Background Thread 3 ] DEBUG Engine               - devEnableDebugCameraProperty: BooleanProperty [value: false]
02:28:23.843 [FXGL Background Thread 3 ] DEBUG Engine               - devSensorColorProperty: ObjectProperty [value: 0xffff00ff]
02:28:23.843 [FXGL Background Thread 3 ] DEBUG Engine               - devShowBBoxProperty: BooleanProperty [value: false]
02:28:23.843 [FXGL Background Thread 3 ] DEBUG Engine               - devShowPositionProperty: BooleanProperty [value: false]
02:28:23.843 [FXGL Background Thread 3 ] DEBUG Engine               - enabledMenuItems: []
02:28:23.843 [FXGL Background Thread 3 ] DEBUG Engine               - engineServices: [class com.almasb.fxgl.app.services.FXGLAssetLoaderService, class com.almasb.fxgl.app.FXGLApplication$GameApplicationService, class com.almasb.fxgl.app.services.FXGLDialogService, class com.almasb.fxgl.app.services.IOTaskExecutorService, class com.almasb.fxgl.io.FileSystemService, class com.almasb.fxgl.localization.LocalizationService, class com.almasb.fxgl.app.services.SystemBundleService, class com.almasb.fxgl.profile.SaveLoadService, class com.almasb.fxgl.ui.FXGLUIFactoryServiceProvider, class com.almasb.fxgl.ui.FXGLDialogFactoryServiceProvider, class com.almasb.fxgl.audio.AudioPlayer, class com.almasb.fxgl.notification.impl.NotificationServiceProvider, class com.almasb.fxgl.achievement.AchievementService, class com.almasb.fxgl.cutscene.CutsceneService, class com.almasb.fxgl.minigames.MiniGameService, class com.almasb.fxgl.net.NetService, class com.almasb.fxgl.app.services.UpdaterService, class com.almasb.fxgl.dev.DevService]
02:28:23.843 [FXGL Background Thread 3 ] DEBUG Engine               - fontGame: Abel-Regular.ttf
02:28:23.843 [FXGL Background Thread 3 ] DEBUG Engine               - fontMono: TerminalLandMono-Regular.otf
02:28:23.843 [FXGL Background Thread 3 ] DEBUG Engine               - fontSizeScaleUI: 1.0
02:28:23.843 [FXGL Background Thread 3 ] DEBUG Engine               - fontText: Courier-Prime.ttf
02:28:23.843 [FXGL Background Thread 3 ] DEBUG Engine               - fontUI: VarelaRound-Regular.ttf
02:28:23.843 [FXGL Background Thread 3 ] DEBUG Engine               - fullScreen: BooleanProperty [value: false]
02:28:23.843 [FXGL Background Thread 3 ] DEBUG Engine               - gameDifficulty: MEDIUM
02:28:23.843 [FXGL Background Thread 3 ] DEBUG Engine               - gameDifficultyProperty: ObjectProperty [value: MEDIUM]
02:28:23.843 [FXGL Background Thread 3 ] DEBUG Engine               - globalMusicVolume: 0.5
02:28:23.844 [FXGL Background Thread 3 ] DEBUG Engine               - globalMusicVolumeProperty: DoubleProperty [value: 0.5]
02:28:23.844 [FXGL Background Thread 3 ] DEBUG Engine               - globalSoundVolume: 0.5
02:28:23.844 [FXGL Background Thread 3 ] DEBUG Engine               - globalSoundVolumeProperty: DoubleProperty [value: 0.5]
02:28:23.844 [FXGL Background Thread 3 ] DEBUG Engine               - height: 1100
02:28:23.844 [FXGL Background Thread 3 ] DEBUG Engine               - is3D: false
02:28:23.844 [FXGL Background Thread 3 ] DEBUG Engine               - isAndroid: false
02:28:23.844 [FXGL Background Thread 3 ] DEBUG Engine               - isBrowser: false
02:28:23.844 [FXGL Background Thread 3 ] DEBUG Engine               - isClickFeedbackEnabled: false
02:28:23.844 [FXGL Background Thread 3 ] DEBUG Engine               - isCloseConfirmation: false
02:28:23.844 [FXGL Background Thread 3 ] DEBUG Engine               - isDesktop: true
02:28:23.844 [FXGL Background Thread 3 ] DEBUG Engine               - isDeveloperMenuEnabled: false
02:28:23.844 [FXGL Background Thread 3 ] DEBUG Engine               - isEmbedded: false
02:28:23.844 [FXGL Background Thread 3 ] DEBUG Engine               - isEntityPreloadEnabled: true
02:28:23.844 [FXGL Background Thread 3 ] DEBUG Engine               - isExperimentalTiledLargeMap: false
02:28:23.844 [FXGL Background Thread 3 ] DEBUG Engine               - isFileSystemWriteAllowed: true
02:28:23.844 [FXGL Background Thread 3 ] DEBUG Engine               - isFullScreenAllowed: false
02:28:23.844 [FXGL Background Thread 3 ] DEBUG Engine               - isFullScreenFromStart: false
02:28:23.844 [FXGL Background Thread 3 ] DEBUG Engine               - isGameMenuEnabled: false
02:28:23.844 [FXGL Background Thread 3 ] DEBUG Engine               - isIOS: false
02:28:23.844 [FXGL Background Thread 3 ] DEBUG Engine               - isIntroEnabled: false
02:28:23.844 [FXGL Background Thread 3 ] DEBUG Engine               - isLinux: false
02:28:23.844 [FXGL Background Thread 3 ] DEBUG Engine               - isMac: false
02:28:23.844 [FXGL Background Thread 3 ] DEBUG Engine               - isMainMenuEnabled: false
02:28:23.844 [FXGL Background Thread 3 ] DEBUG Engine               - isManualResizeEnabled: false
02:28:23.844 [FXGL Background Thread 3 ] DEBUG Engine               - isMobile: false
02:28:23.844 [FXGL Background Thread 3 ] DEBUG Engine               - isNative: false
02:28:23.844 [FXGL Background Thread 3 ] DEBUG Engine               - isPauseMusicWhenMinimized: true
02:28:23.844 [FXGL Background Thread 3 ] DEBUG Engine               - isPreserveResizeRatio: false
02:28:23.844 [FXGL Background Thread 3 ] DEBUG Engine               - isProfilingEnabled: false
02:28:23.844 [FXGL Background Thread 3 ] DEBUG Engine               - isScaleAffectedOnResize: true
02:28:23.844 [FXGL Background Thread 3 ] DEBUG Engine               - isSingleStep: false
02:28:23.844 [FXGL Background Thread 3 ] DEBUG Engine               - isUserProfileEnabled: false
02:28:23.844 [FXGL Background Thread 3 ] DEBUG Engine               - isWindows: true
02:28:23.844 [FXGL Background Thread 3 ] DEBUG Engine               - language: ObjectProperty [value: ENGLISH]
02:28:23.844 [FXGL Background Thread 3 ] DEBUG Engine               - menuKey: ESCAPE
02:28:23.844 [FXGL Background Thread 3 ] DEBUG Engine               - mouseSensitivity: 0.2
02:28:23.844 [FXGL Background Thread 3 ] DEBUG Engine               - notificationViewClass: class com.almasb.fxgl.notification.view.XboxNotificationView
02:28:23.844 [FXGL Background Thread 3 ] DEBUG Engine               - pixelsPerMeter: 50.0
02:28:23.844 [FXGL Background Thread 3 ] DEBUG Engine               - platform: WINDOWS
02:28:23.844 [FXGL Background Thread 3 ] DEBUG Engine               - prefHeightProperty: ReadOnlyDoubleProperty [value: 1100.0]
02:28:23.844 [FXGL Background Thread 3 ] DEBUG Engine               - prefWidthProperty: ReadOnlyDoubleProperty [value: 1000.0]
02:28:23.844 [FXGL Background Thread 3 ] DEBUG Engine               - profileDir: profiles/
02:28:23.844 [FXGL Background Thread 3 ] DEBUG Engine               - profileName: StringProperty [value: DEFAULT]
02:28:23.844 [FXGL Background Thread 3 ] DEBUG Engine               - randomSeed: -1
02:28:23.844 [FXGL Background Thread 3 ] DEBUG Engine               - runtimeInfo: RuntimeInfo(platform=WINDOWS, version=21, build=28.12.2023 13.35)
02:28:23.844 [FXGL Background Thread 3 ] DEBUG Engine               - saveFileExt: sav
02:28:23.844 [FXGL Background Thread 3 ] DEBUG Engine               - scaledHeightProp$fxgl: DoubleProperty [bound, value: 1100.0]
02:28:23.844 [FXGL Background Thread 3 ] DEBUG Engine               - scaledWidthProp$fxgl: DoubleProperty [bound, value: 1000.0]
02:28:23.844 [FXGL Background Thread 3 ] DEBUG Engine               - sceneFactory: com.almasb.fxgl.app.scene.SceneFactory@6abdeef3
02:28:23.844 [FXGL Background Thread 3 ] DEBUG Engine               - secondsIn24h: 60
02:28:23.844 [FXGL Background Thread 3 ] DEBUG Engine               - soundMenuBack: menu/back.wav
02:28:23.844 [FXGL Background Thread 3 ] DEBUG Engine               - soundMenuPress: menu/press.wav
02:28:23.844 [FXGL Background Thread 3 ] DEBUG Engine               - soundMenuSelect: menu/select.wav
02:28:23.844 [FXGL Background Thread 3 ] DEBUG Engine               - soundNotification: core/notification.wav
02:28:23.844 [FXGL Background Thread 3 ] DEBUG Engine               - stageStyle: DECORATED
02:28:23.844 [FXGL Background Thread 3 ] DEBUG Engine               - supportedLanguages: [ENGLISH, FRENCH, GERMAN, HUNGARIAN, RUSSIAN]
02:28:23.844 [FXGL Background Thread 3 ] DEBUG Engine               - ticksPerSecond: -1
02:28:23.844 [FXGL Background Thread 3 ] DEBUG Engine               - title: Mine Sweeper
02:28:23.844 [FXGL Background Thread 3 ] DEBUG Engine               - urlGithub: https://github.com/AlmasB/FXGL
02:28:23.844 [FXGL Background Thread 3 ] DEBUG Engine               - urlLeaderboard: http://fxgl-top.herokuapp.com/
02:28:23.844 [FXGL Background Thread 3 ] DEBUG Engine               - urlPOM: https://raw.githubusercontent.com/AlmasB/FXGL/release/README.md
02:28:23.844 [FXGL Background Thread 3 ] DEBUG Engine               - userAppClass: class com.babymakingjuice.minesweeper.MineSweeperApp
02:28:23.844 [FXGL Background Thread 3 ] DEBUG Engine               - version: v1.0
02:28:23.844 [FXGL Background Thread 3 ] DEBUG Engine               - versionCheckDays: 7
02:28:23.844 [FXGL Background Thread 3 ] DEBUG Engine               - width: 1000
02:28:23.844 [FXGL Background Thread 3 ] DEBUG Engine               - Logging services
02:28:23.844 [FXGL Background Thread 3 ] DEBUG Engine               - class com.almasb.fxgl.app.services.FXGLAssetLoaderService
02:28:23.844 [FXGL Background Thread 3 ] DEBUG Engine               - class com.almasb.fxgl.app.FXGLApplication$GameApplicationService
02:28:23.845 [FXGL Background Thread 3 ] DEBUG Engine               - class com.almasb.fxgl.app.services.FXGLDialogService
02:28:23.845 [FXGL Background Thread 3 ] DEBUG Engine               - class com.almasb.fxgl.app.services.IOTaskExecutorService
02:28:23.845 [FXGL Background Thread 3 ] DEBUG Engine               - class com.almasb.fxgl.io.FileSystemService
02:28:23.845 [FXGL Background Thread 3 ] DEBUG Engine               - class com.almasb.fxgl.localization.LocalizationService
02:28:23.845 [FXGL Background Thread 3 ] DEBUG Engine               - class com.almasb.fxgl.app.services.SystemBundleService
02:28:23.845 [FXGL Background Thread 3 ] DEBUG Engine               - class com.almasb.fxgl.profile.SaveLoadService
02:28:23.845 [FXGL Background Thread 3 ] DEBUG Engine               - class com.almasb.fxgl.ui.FXGLUIFactoryServiceProvider
02:28:23.845 [FXGL Background Thread 3 ] DEBUG Engine               - class com.almasb.fxgl.ui.FXGLDialogFactoryServiceProvider
02:28:23.845 [FXGL Background Thread 3 ] DEBUG Engine               - class com.almasb.fxgl.audio.AudioPlayer
02:28:23.845 [FXGL Background Thread 3 ] DEBUG Engine               - class com.almasb.fxgl.notification.impl.NotificationServiceProvider
02:28:23.845 [FXGL Background Thread 3 ] DEBUG Engine               - class com.almasb.fxgl.achievement.AchievementService
02:28:23.845 [FXGL Background Thread 3 ] DEBUG Engine               - class com.almasb.fxgl.cutscene.CutsceneService
02:28:23.845 [FXGL Background Thread 3 ] DEBUG Engine               - class com.almasb.fxgl.minigames.MiniGameService
02:28:23.845 [FXGL Background Thread 3 ] DEBUG Engine               - class com.almasb.fxgl.net.NetService
02:28:23.845 [FXGL Background Thread 3 ] DEBUG Engine               - class com.almasb.fxgl.app.services.UpdaterService
02:28:23.845 [FXGL Background Thread 3 ] DEBUG Engine               - class com.almasb.fxgl.dev.DevService
02:28:24.475 [JavaFX Application Thread] DEBUG EventBus             - Firing event: com.babymakingjuice.minesweeper.GameEvents$MoveEvent[source=javafx.event.Event$$Lambda/0x0000027481178220@3ce265d7]
02:28:24.475 [JavaFX Application Thread] DEBUG EventBus             - Firing event: com.babymakingjuice.minesweeper.GameEvents$BoardUpdatedEvent[source=javafx.event.Event$$Lambda/0x0000027481178220@3ce265d7]
02:28:24.478 [JavaFX Application Thread] DEBUG FXGLAssetLoaderServi - Loading from file system: file:/C:/Users/olive/Desktop/MineSweeper/target/classes/assets/textures/tileFlag.png
02:28:24.774 [JavaFX Application Thread] DEBUG EventBus             - Firing event: com.babymakingjuice.minesweeper.GameEvents$MoveEvent[source=javafx.event.Event$$Lambda/0x0000027481178220@3ce265d7]
02:28:24.775 [JavaFX Application Thread] DEBUG EventBus             - Firing event: com.babymakingjuice.minesweeper.GameEvents$BoardUpdatedEvent[source=javafx.event.Event$$Lambda/0x0000027481178220@3ce265d7]
02:28:25.631 [JavaFX Application Thread] DEBUG EventBus             - Firing event: com.babymakingjuice.minesweeper.GameEvents$MoveEvent[source=javafx.event.Event$$Lambda/0x0000027481178220@3ce265d7]
02:28:25.632 [JavaFX Application Thread] DEBUG EventBus             - Firing event: com.babymakingjuice.minesweeper.GameEvents$BoardUpdatedEvent[source=javafx.event.Event$$Lambda/0x0000027481178220@3ce265d7]
02:28:26.110 [JavaFX Application Thread] DEBUG EventBus             - Firing event: com.babymakingjuice.minesweeper.GameEvents$MoveEvent[source=javafx.event.Event$$Lambda/0x0000027481178220@3ce265d7]
02:28:26.110 [JavaFX Application Thread] DEBUG EventBus             - Firing event: com.babymakingjuice.minesweeper.GameEvents$BoardUpdatedEvent[source=javafx.event.Event$$Lambda/0x0000027481178220@3ce265d7]
02:28:26.710 [JavaFX Application Thread] DEBUG EventBus             - Firing event: com.babymakingjuice.minesweeper.GameEvents$MoveEvent[source=javafx.event.Event$$Lambda/0x0000027481178220@3ce265d7]
02:28:26.711 [JavaFX Application Thread] DEBUG EventBus             - Firing event: com.babymakingjuice.minesweeper.GameEvents$BoardUpdatedEvent[source=javafx.event.Event$$Lambda/0x0000027481178220@3ce265d7]
02:28:26.948 [JavaFX Application Thread] DEBUG EventBus             - Firing event: com.babymakingjuice.minesweeper.GameEvents$MoveEvent[source=javafx.event.Event$$Lambda/0x0000027481178220@3ce265d7]
02:28:26.948 [JavaFX Application Thread] DEBUG EventBus             - Firing event: com.babymakingjuice.minesweeper.GameEvents$BoardUpdatedEvent[source=javafx.event.Event$$Lambda/0x0000027481178220@3ce265d7]
02:28:28.231 [JavaFX Application Thread] DEBUG EventBus             - Firing event: com.babymakingjuice.minesweeper.GameEvents$MoveEvent[source=javafx.event.Event$$Lambda/0x0000027481178220@3ce265d7]
02:28:28.231 [JavaFX Application Thread] DEBUG EventBus             - Firing event: com.babymakingjuice.minesweeper.GameEvents$BoardUpdatedEvent[source=javafx.event.Event$$Lambda/0x0000027481178220@3ce265d7]
02:28:28.668 [JavaFX Application Thread] DEBUG EventBus             - Firing event: com.babymakingjuice.minesweeper.GameEvents$MoveEvent[source=javafx.event.Event$$Lambda/0x0000027481178220@3ce265d7]
02:28:28.838 [JavaFX Application Thread] DEBUG EventBus             - Firing event: com.babymakingjuice.minesweeper.GameEvents$MoveEvent[source=javafx.event.Event$$Lambda/0x0000027481178220@3ce265d7]
02:28:28.838 [JavaFX Application Thread] DEBUG EventBus             - Firing event: com.babymakingjuice.minesweeper.GameEvents$BoardUpdatedEvent[source=javafx.event.Event$$Lambda/0x0000027481178220@3ce265d7]
02:28:29.073 [JavaFX Application Thread] DEBUG EventBus             - Firing event: com.babymakingjuice.minesweeper.GameEvents$MoveEvent[source=javafx.event.Event$$Lambda/0x0000027481178220@3ce265d7]
02:28:29.073 [JavaFX Application Thread] DEBUG EventBus             - Firing event: com.babymakingjuice.minesweeper.GameEvents$BoardUpdatedEvent[source=javafx.event.Event$$Lambda/0x0000027481178220@3ce265d7]
02:28:29.144 [JavaFX Application Thread] DEBUG EventBus             - Firing event: com.babymakingjuice.minesweeper.GameEvents$MoveEvent[source=javafx.event.Event$$Lambda/0x0000027481178220@3ce265d7]
02:28:29.519 [JavaFX Application Thread] DEBUG EventBus             - Firing event: com.babymakingjuice.minesweeper.GameEvents$MoveEvent[source=javafx.event.Event$$Lambda/0x0000027481178220@3ce265d7]
02:28:29.733 [JavaFX Application Thread] DEBUG EventBus             - Firing event: com.babymakingjuice.minesweeper.GameEvents$MoveEvent[source=javafx.event.Event$$Lambda/0x0000027481178220@3ce265d7]
02:28:29.733 [JavaFX Application Thread] DEBUG EventBus             - Firing event: com.babymakingjuice.minesweeper.GameEvents$BoardUpdatedEvent[source=javafx.event.Event$$Lambda/0x0000027481178220@3ce265d7]
02:28:29.930 [JavaFX Application Thread] DEBUG EventBus             - Firing event: com.babymakingjuice.minesweeper.GameEvents$MoveEvent[source=javafx.event.Event$$Lambda/0x0000027481178220@3ce265d7]
02:28:29.930 [JavaFX Application Thread] DEBUG EventBus             - Firing event: com.babymakingjuice.minesweeper.GameEvents$BoardUpdatedEvent[source=javafx.event.Event$$Lambda/0x0000027481178220@3ce265d7]
02:28:30.817 [JavaFX Application Thread] DEBUG FXGLApplication      - Exiting FXGL
02:28:30.817 [JavaFX Application Thread] DEBUG LoopRunner           - Stopping loop
02:28:30.817 [JavaFX Application Thread] DEBUG SystemBundleService  - Saving FXGL system data
02:28:30.819 [JavaFX Application Thread] DEBUG FileSystemAccess     - Writing to: C:\Users\olive\Desktop\MineSweeper\system\fxgl.bundle
02:28:30.820 [JavaFX Application Thread] DEBUG Async                - Shutting down background threads
02:28:30.820 [JavaFX Application Thread] DEBUG PrimaryStageWindow   - Closing main window
02:28:30.825 [JavaFX Application Thread] DEBUG Logger               - Closing Logger
