00:57:29.963 [main                     ] DEBUG Logger               - Configured Logger
00:57:29.976 [main                     ] DEBUG GameApplication      - Logging settings
Title: Mine Sweeper
Version: .0.1
Width: 1000
Height: 1100
Fullscreen: false
Intro: false
Profiling: false
Single step:false
App Mode: DEVELOPER
Menu Key: ESCAPE
Stage Style: DECORATED
Scene Factory: class com.almasb.fxgl.app.scene.SceneFactory

00:57:30.198 [JavaFX Application Thread] DEBUG FXGLApplication      - Initializing FXGL
00:57:30.200 [JavaFX Application Thread] INFO  Engine               - FXGL-21 (28.12.2023 13.35) on WINDOWS (J:21.0.1 FX:21.0.1)
00:57:30.200 [JavaFX Application Thread] DEBUG Engine               - JRE Vendor Name: Oracle Corporation
00:57:30.200 [JavaFX Application Thread] DEBUG Engine               - Running on OS: Windows 11 version 10.0
00:57:30.200 [JavaFX Application Thread] DEBUG Engine               - Architecture: amd64
00:57:30.200 [JavaFX Application Thread] INFO  Engine               - Source code and latest versions at: https://github.com/AlmasB/FXGL
00:57:30.200 [JavaFX Application Thread] INFO  Engine               -       Ask questions and discuss at: https://github.com/AlmasB/FXGL/discussions
00:57:30.200 [JavaFX Application Thread] INFO  Engine               -              Join the FXGL chat at: https://gitter.im/AlmasB/FXGL
00:57:30.255 [JavaFX Application Thread] DEBUG PrimaryStageWindow   - Creating a JavaFX scene
00:57:30.279 [JavaFX Application Thread] DEBUG PrimaryStageWindow   - Target settings size: 1000.0 x 1100.0
00:57:30.279 [JavaFX Application Thread] DEBUG PrimaryStageWindow   - Scaled scene size:    1000.0 x 1100.0
00:57:30.281 [JavaFX Application Thread] DEBUG PrimaryStageWindow   - Scaled ratio: (1.0, 1.0)
00:57:30.281 [JavaFX Application Thread] DEBUG PrimaryStageWindow   - Set initial scene to FXGLStartupScene
00:57:30.283 [JavaFX Application Thread] DEBUG PrimaryStageWindow   - Opening main window
00:57:30.329 [JavaFX Application Thread] DEBUG PrimaryStageWindow   - Window border size: (14.66668701171875, 37.3333740234375)
00:57:30.329 [JavaFX Application Thread] DEBUG PrimaryStageWindow   - Scaled size: 1000.0 x 1100.0
00:57:30.329 [JavaFX Application Thread] DEBUG PrimaryStageWindow   - Scaled ratio: (1.0, 1.0)
00:57:30.329 [JavaFX Application Thread] DEBUG PrimaryStageWindow   - Scene size: 1000.0 x 1100.0
00:57:30.330 [JavaFX Application Thread] DEBUG PrimaryStageWindow   - Stage size: 1014.6666870117188 x 1137.3333740234375
00:57:30.334 [FXGL Background Thread 1 ] DEBUG Engine               - Initializing environment variables
00:57:30.359 [FXGL Background Thread 1 ] DEBUG FXGLAssetLoaderServi - User app class for loading assets: class com.babymakingjuice.minesweeper.MineSweeperApp
00:57:30.359 [FXGL Background Thread 1 ] DEBUG GameApplicationServi - Applying CSS: fxgl_dark.css
00:57:30.359 [FXGL Background Thread 1 ] DEBUG FXGLAssetLoaderServi - Loading from file system: jar:file:/C:/Users/olive/.m2/repository/com/github/almasb/fxgl/21/fxgl-21.jar!/fxglassets/ui/css/fxgl_dark.css
00:57:30.381 [FXGL Background Thread 1 ] DEBUG GameApplicationServi - Initializing application scenes
00:57:30.409 [FXGL Background Thread 1 ] DEBUG GameWorld            - Game world initialized
00:57:30.444 [FXGL Background Thread 1 ] DEBUG PhysicsWorld         - Physics world initialized: appHeight=1100, physics.ppm=50.0
00:57:30.444 [FXGL Background Thread 1 ] DEBUG PhysicsWorld         - Using strategy: BRUTE_FORCE
00:57:30.446 [FXGL Background Thread 1 ] DEBUG GameScene            - Game scene initialized: 1000x1100
00:57:30.454 [FXGL Background Thread 1 ] DEBUG FXGL.DefaultMenu     - createMenuBodyGameMenu()
00:57:30.460 [FXGL Background Thread 1 ] DEBUG FXGL.DefaultMenu     - createOptionsMenu()
00:57:30.465 [FXGL Background Thread 1 ] DEBUG FXGLAssetLoaderServi - Loading from file system: jar:file:/C:/Users/olive/.m2/repository/com/github/almasb/fxgl/21/fxgl-21.jar!/fxglassets/textures/particles/smoke.png
00:57:30.510 [FXGL Background Thread 1 ] DEBUG FXGLAssetLoaderServi - Loading from file system: jar:file:/C:/Users/olive/.m2/repository/com/github/almasb/fxgl/21/fxgl-21.jar!/fxglassets/textures/particles/trace_horizontal.png
00:57:30.522 [FXGL Background Thread 1 ] DEBUG GameApplicationServi - Application scenes initialized
00:57:30.530 [FXGL Background Thread 1 ] DEBUG SystemBundleService  - Loading FXGL system data
00:57:30.532 [FXGL Background Thread 1 ] DEBUG FileSystemAccess     - Reading from: C:\Users\olive\Desktop\MineSweeper\system\fxgl.bundle
00:57:30.537 [FXGL Background Thread 1 ] DEBUG SystemBundleService  - Bundle FXGL: {}
00:57:30.537 [FXGL Background Thread 1 ] DEBUG UpdaterService       - Checking for updates
00:57:30.539 [FXGL Background Thread 4 ] DEBUG FXGLApplication      - Loading fonts
00:57:30.539 [FXGL Background Thread 4 ] DEBUG FXGLAssetLoaderServi - Loading from file system: jar:file:/C:/Users/olive/.m2/repository/com/github/almasb/fxgl/21/fxgl-21.jar!/fxglassets/ui/fonts/VarelaRound-Regular.ttf
00:57:30.540 [FXGL Background Thread 1 ] DEBUG FXGLApplication      - Loading default localization
00:57:30.540 [FXGL Background Thread 1 ] DEBUG FXGLAssetLoaderServi - Loading from file system: jar:file:/C:/Users/olive/.m2/repository/com/github/almasb/fxgl/21/fxgl-21.jar!/fxglassets/languages/english.lang
00:57:30.558 [FXGL Background Thread 1 ] INFO  FXGLApplication      - FXGL initialization took: 0.224 sec
00:57:30.558 [JavaFX Application Thread] DEBUG FXGLAssetLoaderServi - Loading from file system: jar:file:/C:/Users/olive/.m2/repository/com/github/almasb/fxgl/21/fxgl-21.jar!/fxglassets/textures/fxgl_icon.png
00:57:30.560 [FXGL Background Thread 4 ] DEBUG FXGLAssetLoaderServi - Loading from file system: jar:file:/C:/Users/olive/.m2/repository/com/github/almasb/fxgl/21/fxgl-21.jar!/fxglassets/ui/fonts/Abel-Regular.ttf
00:57:30.562 [FXGL Background Thread 4 ] DEBUG FXGLAssetLoaderServi - Loading from file system: jar:file:/C:/Users/olive/.m2/repository/com/github/almasb/fxgl/21/fxgl-21.jar!/fxglassets/ui/fonts/TerminalLandMono-Regular.otf
00:57:30.565 [FXGL Background Thread 4 ] DEBUG FXGLAssetLoaderServi - Loading from file system: jar:file:/C:/Users/olive/.m2/repository/com/github/almasb/fxgl/21/fxgl-21.jar!/fxglassets/ui/fonts/Courier-Prime.ttf
00:57:30.570 [JavaFX Application Thread] DEBUG FXGLAssetLoaderServi - Loading from file system: jar:file:/C:/Users/olive/.m2/repository/com/github/almasb/fxgl/21/fxgl-21.jar!/fxglassets/textures/fxgl_default_cursor.png
00:57:30.579 [JavaFX Application Thread] DEBUG Input                - Registered new binding: Screenshot - CTRL+8
00:57:30.579 [JavaFX Application Thread] DEBUG Input                - Registered new binding: System info dump - CTRL+9
00:57:30.579 [JavaFX Application Thread] DEBUG Input                - Registered new binding: Restart - CTRL+R
00:57:30.580 [JavaFX Application Thread] DEBUG Input                - Registered new binding: Toggle Debug Camera - CTRL+7
00:57:30.581 [JavaFX Application Thread] DEBUG LoopRunner           - Starting loop
00:57:30.581 [JavaFX Application Thread] DEBUG LoopRunner           - Initializing JavaFX AnimationTimerLoop
00:57:30.583 [JavaFX Application Thread] DEBUG GameApplicationServi - Starting new game
00:57:30.583 [JavaFX Application Thread] DEBUG Input                - Clearing active input actions
00:57:30.591 [JavaFX Application Thread] DEBUG GameApplicationServi - Removing overlay from FXGLStartupScene and adding to FXGLLoadingScene
00:57:30.591 [JavaFX Application Thread] DEBUG PrimaryStageWindow   - FXGLStartupScene -> FXGLLoadingScene
00:57:30.591 [JavaFX Application Thread] DEBUG GameApplicationServi - Clearing previous game
00:57:30.591 [JavaFX Application Thread] DEBUG GameScene            - Clearing game scene
00:57:30.591 [JavaFX Application Thread] DEBUG GameWorld            - Clearing game world
00:57:30.591 [JavaFX Application Thread] DEBUG PhysicsWorld         - Clearing physics world
00:57:30.593 [FXGL Background Thread 4 ] DEBUG FXGLApplication      - Initializing game
00:57:30.595 [JavaFX Application Thread] DEBUG FXGLApplication      - Registering font factories with UI factory
00:57:30.607 [FXGL Background Thread 4 ] DEBUG FXGLAssetLoaderServi - Loading from file system: file:/C:/Users/olive/Desktop/MineSweeper/target/classes/assets/textures/bannerBackground.png
00:57:30.617 [FXGL Background Thread 4 ] DEBUG FXGLAssetLoaderServi - Loading from file system: file:/C:/Users/olive/Desktop/MineSweeper/target/classes/assets/textures/tileBackground.png
00:57:30.620 [FXGL Background Thread 4 ] DEBUG FXGLAssetLoaderServi - Loading from file system: file:/C:/Users/olive/Desktop/MineSweeper/target/classes/assets/textures/tileUnpressed.png
00:57:30.663 [FXGL Background Thread 4 ] INFO  FXGLApplication      - Game initialization took: 0.069 sec
00:57:30.675 [JavaFX Application Thread] DEBUG Input                - Clearing active input actions
00:57:30.681 [JavaFX Application Thread] DEBUG GameApplicationServi - Removing overlay from FXGLLoadingScene and adding to GameScene
00:57:30.681 [JavaFX Application Thread] DEBUG PrimaryStageWindow   - FXGLLoadingScene -> GameScene
00:57:31.255 [JavaFX Application Thread] DEBUG EventBus             - Firing event: com.babymakingjuice.minesweeper.GameEvents$MoveEvent[source=javafx.event.Event$$Lambda/0x00000216bb178220@d317a29]
00:57:31.256 [JavaFX Application Thread] DEBUG EventBus             - Firing event: com.babymakingjuice.minesweeper.GameEvents$BoardUpdatedEvent[source=javafx.event.Event$$Lambda/0x00000216bb178220@d317a29]
00:57:31.256 [JavaFX Application Thread] DEBUG FXGLAssetLoaderServi - Loading from file system: file:/C:/Users/olive/Desktop/MineSweeper/target/classes/assets/textures/mineNumbers/mineCount0.png
00:57:31.258 [JavaFX Application Thread] DEBUG FXGLAssetLoaderServi - Loading from file system: file:/C:/Users/olive/Desktop/MineSweeper/target/classes/assets/textures/mineNumbers/mineCount1.png
00:57:31.262 [JavaFX Application Thread] DEBUG FXGLAssetLoaderServi - Loading from file system: file:/C:/Users/olive/Desktop/MineSweeper/target/classes/assets/textures/mineNumbers/mineCount2.png
00:57:33.539 [FXGL Background Thread 3 ] DEBUG Engine               - Logging environment variables
00:57:33.539 [FXGL Background Thread 3 ] DEBUG Engine               - achievements: []
00:57:33.539 [FXGL Background Thread 3 ] DEBUG Engine               - actualHeight: 1100.0
00:57:33.539 [FXGL Background Thread 3 ] DEBUG Engine               - actualHeightProperty: ReadOnlyDoubleProperty [value: 1100.0]
00:57:33.539 [FXGL Background Thread 3 ] DEBUG Engine               - actualWidth: 1000.0
00:57:33.539 [FXGL Background Thread 3 ] DEBUG Engine               - actualWidthProperty: ReadOnlyDoubleProperty [value: 1000.0]
00:57:33.539 [FXGL Background Thread 3 ] DEBUG Engine               - appIcon: fxgl_icon.png
00:57:33.539 [FXGL Background Thread 3 ] DEBUG Engine               - applicationMode: DEVELOPER
00:57:33.539 [FXGL Background Thread 3 ] DEBUG Engine               - cSSList: [fxgl_dark.css]
00:57:33.539 [FXGL Background Thread 3 ] DEBUG Engine               - collisionDetectionStrategy: BRUTE_FORCE
00:57:33.539 [FXGL Background Thread 3 ] DEBUG Engine               - configClass: Optional.empty
00:57:33.539 [FXGL Background Thread 3 ] DEBUG Engine               - credits: []
00:57:33.539 [FXGL Background Thread 3 ] DEBUG Engine               - defaultCursor: CursorInfo(imageName=fxgl_default_cursor.png, hotspotX=7.0, hotspotY=6.0)
00:57:33.539 [FXGL Background Thread 3 ] DEBUG Engine               - devBBoxColorProperty: ObjectProperty [value: 0xff0000ff]
00:57:33.539 [FXGL Background Thread 3 ] DEBUG Engine               - devEnableDebugCameraProperty: BooleanProperty [value: false]
00:57:33.539 [FXGL Background Thread 3 ] DEBUG Engine               - devSensorColorProperty: ObjectProperty [value: 0xffff00ff]
00:57:33.539 [FXGL Background Thread 3 ] DEBUG Engine               - devShowBBoxProperty: BooleanProperty [value: false]
00:57:33.539 [FXGL Background Thread 3 ] DEBUG Engine               - devShowPositionProperty: BooleanProperty [value: false]
00:57:33.539 [FXGL Background Thread 3 ] DEBUG Engine               - enabledMenuItems: []
00:57:33.539 [FXGL Background Thread 3 ] DEBUG Engine               - engineServices: [class com.almasb.fxgl.app.services.FXGLAssetLoaderService, class com.almasb.fxgl.app.FXGLApplication$GameApplicationService, class com.almasb.fxgl.app.services.FXGLDialogService, class com.almasb.fxgl.app.services.IOTaskExecutorService, class com.almasb.fxgl.io.FileSystemService, class com.almasb.fxgl.localization.LocalizationService, class com.almasb.fxgl.app.services.SystemBundleService, class com.almasb.fxgl.profile.SaveLoadService, class com.almasb.fxgl.ui.FXGLUIFactoryServiceProvider, class com.almasb.fxgl.ui.FXGLDialogFactoryServiceProvider, class com.almasb.fxgl.audio.AudioPlayer, class com.almasb.fxgl.notification.impl.NotificationServiceProvider, class com.almasb.fxgl.achievement.AchievementService, class com.almasb.fxgl.cutscene.CutsceneService, class com.almasb.fxgl.minigames.MiniGameService, class com.almasb.fxgl.net.NetService, class com.almasb.fxgl.app.services.UpdaterService, class com.almasb.fxgl.dev.DevService]
00:57:33.539 [FXGL Background Thread 3 ] DEBUG Engine               - fontGame: Abel-Regular.ttf
00:57:33.539 [FXGL Background Thread 3 ] DEBUG Engine               - fontMono: TerminalLandMono-Regular.otf
00:57:33.539 [FXGL Background Thread 3 ] DEBUG Engine               - fontSizeScaleUI: 1.0
00:57:33.539 [FXGL Background Thread 3 ] DEBUG Engine               - fontText: Courier-Prime.ttf
00:57:33.539 [FXGL Background Thread 3 ] DEBUG Engine               - fontUI: VarelaRound-Regular.ttf
00:57:33.539 [FXGL Background Thread 3 ] DEBUG Engine               - fullScreen: BooleanProperty [value: false]
00:57:33.539 [FXGL Background Thread 3 ] DEBUG Engine               - gameDifficulty: MEDIUM
00:57:33.539 [FXGL Background Thread 3 ] DEBUG Engine               - gameDifficultyProperty: ObjectProperty [value: MEDIUM]
00:57:33.539 [FXGL Background Thread 3 ] DEBUG Engine               - globalMusicVolume: 0.5
00:57:33.539 [FXGL Background Thread 3 ] DEBUG Engine               - globalMusicVolumeProperty: DoubleProperty [value: 0.5]
00:57:33.539 [FXGL Background Thread 3 ] DEBUG Engine               - globalSoundVolume: 0.5
00:57:33.539 [FXGL Background Thread 3 ] DEBUG Engine               - globalSoundVolumeProperty: DoubleProperty [value: 0.5]
00:57:33.539 [FXGL Background Thread 3 ] DEBUG Engine               - height: 1100
00:57:33.539 [FXGL Background Thread 3 ] DEBUG Engine               - is3D: false
00:57:33.539 [FXGL Background Thread 3 ] DEBUG Engine               - isAndroid: false
00:57:33.539 [FXGL Background Thread 3 ] DEBUG Engine               - isBrowser: false
00:57:33.539 [FXGL Background Thread 3 ] DEBUG Engine               - isClickFeedbackEnabled: false
00:57:33.539 [FXGL Background Thread 3 ] DEBUG Engine               - isCloseConfirmation: false
00:57:33.539 [FXGL Background Thread 3 ] DEBUG Engine               - isDesktop: true
00:57:33.539 [FXGL Background Thread 3 ] DEBUG Engine               - isDeveloperMenuEnabled: false
00:57:33.539 [FXGL Background Thread 3 ] DEBUG Engine               - isEmbedded: false
00:57:33.539 [FXGL Background Thread 3 ] DEBUG Engine               - isEntityPreloadEnabled: true
00:57:33.539 [FXGL Background Thread 3 ] DEBUG Engine               - isExperimentalTiledLargeMap: false
00:57:33.539 [FXGL Background Thread 3 ] DEBUG Engine               - isFileSystemWriteAllowed: true
00:57:33.541 [FXGL Background Thread 3 ] DEBUG Engine               - isFullScreenAllowed: false
00:57:33.541 [FXGL Background Thread 3 ] DEBUG Engine               - isFullScreenFromStart: false
00:57:33.541 [FXGL Background Thread 3 ] DEBUG Engine               - isGameMenuEnabled: true
00:57:33.541 [FXGL Background Thread 3 ] DEBUG Engine               - isIOS: false
00:57:33.541 [FXGL Background Thread 3 ] DEBUG Engine               - isIntroEnabled: false
00:57:33.541 [FXGL Background Thread 3 ] DEBUG Engine               - isLinux: false
00:57:33.541 [FXGL Background Thread 3 ] DEBUG Engine               - isMac: false
00:57:33.541 [FXGL Background Thread 3 ] DEBUG Engine               - isMainMenuEnabled: false
00:57:33.541 [FXGL Background Thread 3 ] DEBUG Engine               - isManualResizeEnabled: false
00:57:33.541 [FXGL Background Thread 3 ] DEBUG Engine               - isMobile: false
00:57:33.541 [FXGL Background Thread 3 ] DEBUG Engine               - isNative: false
00:57:33.541 [FXGL Background Thread 3 ] DEBUG Engine               - isPauseMusicWhenMinimized: true
00:57:33.541 [FXGL Background Thread 3 ] DEBUG Engine               - isPreserveResizeRatio: false
00:57:33.541 [FXGL Background Thread 3 ] DEBUG Engine               - isProfilingEnabled: false
00:57:33.541 [FXGL Background Thread 3 ] DEBUG Engine               - isScaleAffectedOnResize: true
00:57:33.541 [FXGL Background Thread 3 ] DEBUG Engine               - isSingleStep: false
00:57:33.541 [FXGL Background Thread 3 ] DEBUG Engine               - isUserProfileEnabled: false
00:57:33.541 [FXGL Background Thread 3 ] DEBUG Engine               - isWindows: true
00:57:33.541 [FXGL Background Thread 3 ] DEBUG Engine               - language: ObjectProperty [value: ENGLISH]
00:57:33.541 [FXGL Background Thread 3 ] DEBUG Engine               - menuKey: ESCAPE
00:57:33.541 [FXGL Background Thread 3 ] DEBUG Engine               - mouseSensitivity: 0.2
00:57:33.541 [FXGL Background Thread 3 ] DEBUG Engine               - notificationViewClass: class com.almasb.fxgl.notification.view.XboxNotificationView
00:57:33.541 [FXGL Background Thread 3 ] DEBUG Engine               - pixelsPerMeter: 50.0
00:57:33.541 [FXGL Background Thread 3 ] DEBUG Engine               - platform: WINDOWS
00:57:33.541 [FXGL Background Thread 3 ] DEBUG Engine               - prefHeightProperty: ReadOnlyDoubleProperty [value: 1100.0]
00:57:33.541 [FXGL Background Thread 3 ] DEBUG Engine               - prefWidthProperty: ReadOnlyDoubleProperty [value: 1000.0]
00:57:33.541 [FXGL Background Thread 3 ] DEBUG Engine               - profileDir: profiles/
00:57:33.541 [FXGL Background Thread 3 ] DEBUG Engine               - profileName: StringProperty [value: DEFAULT]
00:57:33.541 [FXGL Background Thread 3 ] DEBUG Engine               - randomSeed: -1
00:57:33.541 [FXGL Background Thread 3 ] DEBUG Engine               - runtimeInfo: RuntimeInfo(platform=WINDOWS, version=21, build=28.12.2023 13.35)
00:57:33.541 [FXGL Background Thread 3 ] DEBUG Engine               - saveFileExt: sav
00:57:33.541 [FXGL Background Thread 3 ] DEBUG Engine               - scaledHeightProp$fxgl: DoubleProperty [bound, value: 1100.0]
00:57:33.541 [FXGL Background Thread 3 ] DEBUG Engine               - scaledWidthProp$fxgl: DoubleProperty [bound, value: 1000.0]
00:57:33.541 [FXGL Background Thread 3 ] DEBUG Engine               - sceneFactory: com.almasb.fxgl.app.scene.SceneFactory@681c5186
00:57:33.541 [FXGL Background Thread 3 ] DEBUG Engine               - secondsIn24h: 60
00:57:33.541 [FXGL Background Thread 3 ] DEBUG Engine               - soundMenuBack: menu/back.wav
00:57:33.541 [FXGL Background Thread 3 ] DEBUG Engine               - soundMenuPress: menu/press.wav
00:57:33.541 [FXGL Background Thread 3 ] DEBUG Engine               - soundMenuSelect: menu/select.wav
00:57:33.541 [FXGL Background Thread 3 ] DEBUG Engine               - soundNotification: core/notification.wav
00:57:33.541 [FXGL Background Thread 3 ] DEBUG Engine               - stageStyle: DECORATED
00:57:33.541 [FXGL Background Thread 3 ] DEBUG Engine               - supportedLanguages: [ENGLISH, FRENCH, GERMAN, HUNGARIAN, RUSSIAN]
00:57:33.541 [FXGL Background Thread 3 ] DEBUG Engine               - ticksPerSecond: -1
00:57:33.541 [FXGL Background Thread 3 ] DEBUG Engine               - title: Mine Sweeper
00:57:33.541 [FXGL Background Thread 3 ] DEBUG Engine               - urlGithub: https://github.com/AlmasB/FXGL
00:57:33.541 [FXGL Background Thread 3 ] DEBUG Engine               - urlLeaderboard: http://fxgl-top.herokuapp.com/
00:57:33.541 [FXGL Background Thread 3 ] DEBUG Engine               - urlPOM: https://raw.githubusercontent.com/AlmasB/FXGL/release/README.md
00:57:33.541 [FXGL Background Thread 3 ] DEBUG Engine               - userAppClass: class com.babymakingjuice.minesweeper.MineSweeperApp
00:57:33.541 [FXGL Background Thread 3 ] DEBUG Engine               - version: .0.1
00:57:33.541 [FXGL Background Thread 3 ] DEBUG Engine               - versionCheckDays: 7
00:57:33.541 [FXGL Background Thread 3 ] DEBUG Engine               - width: 1000
00:57:33.541 [FXGL Background Thread 3 ] DEBUG Engine               - Logging services
00:57:33.541 [FXGL Background Thread 3 ] DEBUG Engine               - class com.almasb.fxgl.app.services.FXGLAssetLoaderService
00:57:33.541 [FXGL Background Thread 3 ] DEBUG Engine               - class com.almasb.fxgl.app.FXGLApplication$GameApplicationService
00:57:33.541 [FXGL Background Thread 3 ] DEBUG Engine               - class com.almasb.fxgl.app.services.FXGLDialogService
00:57:33.541 [FXGL Background Thread 3 ] DEBUG Engine               - class com.almasb.fxgl.app.services.IOTaskExecutorService
00:57:33.541 [FXGL Background Thread 3 ] DEBUG Engine               - class com.almasb.fxgl.io.FileSystemService
00:57:33.541 [FXGL Background Thread 3 ] DEBUG Engine               - class com.almasb.fxgl.localization.LocalizationService
00:57:33.541 [FXGL Background Thread 3 ] DEBUG Engine               - class com.almasb.fxgl.app.services.SystemBundleService
00:57:33.541 [FXGL Background Thread 3 ] DEBUG Engine               - class com.almasb.fxgl.profile.SaveLoadService
00:57:33.541 [FXGL Background Thread 3 ] DEBUG Engine               - class com.almasb.fxgl.ui.FXGLUIFactoryServiceProvider
00:57:33.541 [FXGL Background Thread 3 ] DEBUG Engine               - class com.almasb.fxgl.ui.FXGLDialogFactoryServiceProvider
00:57:33.541 [FXGL Background Thread 3 ] DEBUG Engine               - class com.almasb.fxgl.audio.AudioPlayer
00:57:33.541 [FXGL Background Thread 3 ] DEBUG Engine               - class com.almasb.fxgl.notification.impl.NotificationServiceProvider
00:57:33.541 [FXGL Background Thread 3 ] DEBUG Engine               - class com.almasb.fxgl.achievement.AchievementService
00:57:33.541 [FXGL Background Thread 3 ] DEBUG Engine               - class com.almasb.fxgl.cutscene.CutsceneService
00:57:33.541 [FXGL Background Thread 3 ] DEBUG Engine               - class com.almasb.fxgl.minigames.MiniGameService
00:57:33.541 [FXGL Background Thread 3 ] DEBUG Engine               - class com.almasb.fxgl.net.NetService
00:57:33.541 [FXGL Background Thread 3 ] DEBUG Engine               - class com.almasb.fxgl.app.services.UpdaterService
00:57:33.541 [FXGL Background Thread 3 ] DEBUG Engine               - class com.almasb.fxgl.dev.DevService
00:57:34.540 [JavaFX Application Thread] DEBUG EventBus             - Firing event: com.babymakingjuice.minesweeper.GameEvents$MoveEvent[source=javafx.event.Event$$Lambda/0x00000216bb178220@d317a29]
00:57:34.540 [JavaFX Application Thread] DEBUG EventBus             - Firing event: com.babymakingjuice.minesweeper.GameEvents$BoardUpdatedEvent[source=javafx.event.Event$$Lambda/0x00000216bb178220@d317a29]
00:57:34.541 [JavaFX Application Thread] DEBUG FXGLAssetLoaderServi - Loading from file system: file:/C:/Users/olive/Desktop/MineSweeper/target/classes/assets/textures/tileFlag.png
00:57:36.950 [JavaFX Application Thread] DEBUG EventBus             - Firing event: com.babymakingjuice.minesweeper.GameEvents$MoveEvent[source=javafx.event.Event$$Lambda/0x00000216bb178220@d317a29]
00:57:36.950 [JavaFX Application Thread] DEBUG EventBus             - Firing event: com.babymakingjuice.minesweeper.GameEvents$BoardUpdatedEvent[source=javafx.event.Event$$Lambda/0x00000216bb178220@d317a29]
00:57:39.488 [JavaFX Application Thread] DEBUG EventBus             - Firing event: com.babymakingjuice.minesweeper.GameEvents$MoveEvent[source=javafx.event.Event$$Lambda/0x00000216bb178220@d317a29]
00:57:39.488 [JavaFX Application Thread] DEBUG EventBus             - Firing event: com.babymakingjuice.minesweeper.GameEvents$BoardUpdatedEvent[source=javafx.event.Event$$Lambda/0x00000216bb178220@d317a29]
00:57:43.646 [JavaFX Application Thread] DEBUG EventBus             - Firing event: com.babymakingjuice.minesweeper.GameEvents$MoveEvent[source=javafx.event.Event$$Lambda/0x00000216bb178220@d317a29]
00:57:43.646 [JavaFX Application Thread] DEBUG EventBus             - Firing event: com.babymakingjuice.minesweeper.GameEvents$BoardUpdatedEvent[source=javafx.event.Event$$Lambda/0x00000216bb178220@d317a29]
00:57:44.160 [JavaFX Application Thread] DEBUG EventBus             - Firing event: com.babymakingjuice.minesweeper.GameEvents$MoveEvent[source=javafx.event.Event$$Lambda/0x00000216bb178220@d317a29]
00:57:44.160 [JavaFX Application Thread] DEBUG EventBus             - Firing event: com.babymakingjuice.minesweeper.GameEvents$BoardUpdatedEvent[source=javafx.event.Event$$Lambda/0x00000216bb178220@d317a29]
00:57:45.517 [JavaFX Application Thread] DEBUG EventBus             - Firing event: com.babymakingjuice.minesweeper.GameEvents$MoveEvent[source=javafx.event.Event$$Lambda/0x00000216bb178220@d317a29]
00:57:45.517 [JavaFX Application Thread] DEBUG EventBus             - Firing event: com.babymakingjuice.minesweeper.GameEvents$BoardUpdatedEvent[source=javafx.event.Event$$Lambda/0x00000216bb178220@d317a29]
00:57:45.934 [JavaFX Application Thread] DEBUG EventBus             - Firing event: com.babymakingjuice.minesweeper.GameEvents$MoveEvent[source=javafx.event.Event$$Lambda/0x00000216bb178220@d317a29]
00:57:45.934 [JavaFX Application Thread] DEBUG EventBus             - Firing event: com.babymakingjuice.minesweeper.GameEvents$BoardUpdatedEvent[source=javafx.event.Event$$Lambda/0x00000216bb178220@d317a29]
00:57:46.327 [JavaFX Application Thread] DEBUG EventBus             - Firing event: com.babymakingjuice.minesweeper.GameEvents$MoveEvent[source=javafx.event.Event$$Lambda/0x00000216bb178220@d317a29]
00:57:46.327 [JavaFX Application Thread] DEBUG EventBus             - Firing event: com.babymakingjuice.minesweeper.GameEvents$BoardUpdatedEvent[source=javafx.event.Event$$Lambda/0x00000216bb178220@d317a29]
00:57:46.588 [JavaFX Application Thread] DEBUG EventBus             - Firing event: com.babymakingjuice.minesweeper.GameEvents$MoveEvent[source=javafx.event.Event$$Lambda/0x00000216bb178220@d317a29]
00:57:46.588 [JavaFX Application Thread] DEBUG EventBus             - Firing event: com.babymakingjuice.minesweeper.GameEvents$BoardUpdatedEvent[source=javafx.event.Event$$Lambda/0x00000216bb178220@d317a29]
00:57:46.897 [JavaFX Application Thread] DEBUG EventBus             - Firing event: com.babymakingjuice.minesweeper.GameEvents$MoveEvent[source=javafx.event.Event$$Lambda/0x00000216bb178220@d317a29]
00:57:46.897 [JavaFX Application Thread] DEBUG EventBus             - Firing event: com.babymakingjuice.minesweeper.GameEvents$BoardUpdatedEvent[source=javafx.event.Event$$Lambda/0x00000216bb178220@d317a29]
00:57:47.681 [JavaFX Application Thread] DEBUG EventBus             - Firing event: com.babymakingjuice.minesweeper.GameEvents$MoveEvent[source=javafx.event.Event$$Lambda/0x00000216bb178220@d317a29]
00:57:47.682 [JavaFX Application Thread] DEBUG EventBus             - Firing event: com.babymakingjuice.minesweeper.GameEvents$BoardUpdatedEvent[source=javafx.event.Event$$Lambda/0x00000216bb178220@d317a29]
00:57:57.077 [JavaFX Application Thread] DEBUG EventBus             - Firing event: com.babymakingjuice.minesweeper.GameEvents$MoveEvent[source=javafx.event.Event$$Lambda/0x00000216bb178220@d317a29]
00:57:57.077 [JavaFX Application Thread] DEBUG EventBus             - Firing event: com.babymakingjuice.minesweeper.GameEvents$BoardUpdatedEvent[source=javafx.event.Event$$Lambda/0x00000216bb178220@d317a29]
00:58:00.991 [JavaFX Application Thread] DEBUG EventBus             - Firing event: com.babymakingjuice.minesweeper.GameEvents$MoveEvent[source=javafx.event.Event$$Lambda/0x00000216bb178220@d317a29]
00:58:00.991 [JavaFX Application Thread] DEBUG EventBus             - Firing event: com.babymakingjuice.minesweeper.GameEvents$BoardUpdatedEvent[source=javafx.event.Event$$Lambda/0x00000216bb178220@d317a29]
00:58:01.208 [JavaFX Application Thread] DEBUG EventBus             - Firing event: com.babymakingjuice.minesweeper.GameEvents$MoveEvent[source=javafx.event.Event$$Lambda/0x00000216bb178220@d317a29]
00:58:01.208 [JavaFX Application Thread] DEBUG EventBus             - Firing event: com.babymakingjuice.minesweeper.GameEvents$BoardUpdatedEvent[source=javafx.event.Event$$Lambda/0x00000216bb178220@d317a29]
00:58:01.394 [JavaFX Application Thread] DEBUG EventBus             - Firing event: com.babymakingjuice.minesweeper.GameEvents$MoveEvent[source=javafx.event.Event$$Lambda/0x00000216bb178220@d317a29]
00:58:01.394 [JavaFX Application Thread] DEBUG EventBus             - Firing event: com.babymakingjuice.minesweeper.GameEvents$BoardUpdatedEvent[source=javafx.event.Event$$Lambda/0x00000216bb178220@d317a29]
00:58:01.568 [JavaFX Application Thread] DEBUG EventBus             - Firing event: com.babymakingjuice.minesweeper.GameEvents$MoveEvent[source=javafx.event.Event$$Lambda/0x00000216bb178220@d317a29]
00:58:01.568 [JavaFX Application Thread] DEBUG EventBus             - Firing event: com.babymakingjuice.minesweeper.GameEvents$BoardUpdatedEvent[source=javafx.event.Event$$Lambda/0x00000216bb178220@d317a29]
00:58:02.199 [JavaFX Application Thread] DEBUG EventBus             - Firing event: com.babymakingjuice.minesweeper.GameEvents$MoveEvent[source=javafx.event.Event$$Lambda/0x00000216bb178220@d317a29]
00:58:02.199 [JavaFX Application Thread] DEBUG EventBus             - Firing event: com.babymakingjuice.minesweeper.GameEvents$BoardUpdatedEvent[source=javafx.event.Event$$Lambda/0x00000216bb178220@d317a29]
00:58:02.832 [JavaFX Application Thread] DEBUG EventBus             - Firing event: com.babymakingjuice.minesweeper.GameEvents$MoveEvent[source=javafx.event.Event$$Lambda/0x00000216bb178220@d317a29]
00:58:02.832 [JavaFX Application Thread] DEBUG EventBus             - Firing event: com.babymakingjuice.minesweeper.GameEvents$BoardUpdatedEvent[source=javafx.event.Event$$Lambda/0x00000216bb178220@d317a29]
00:58:03.073 [JavaFX Application Thread] DEBUG EventBus             - Firing event: com.babymakingjuice.minesweeper.GameEvents$MoveEvent[source=javafx.event.Event$$Lambda/0x00000216bb178220@d317a29]
00:58:03.074 [JavaFX Application Thread] DEBUG EventBus             - Firing event: com.babymakingjuice.minesweeper.GameEvents$BoardUpdatedEvent[source=javafx.event.Event$$Lambda/0x00000216bb178220@d317a29]
00:58:03.076 [JavaFX Application Thread] DEBUG FXGLAssetLoaderServi - Loading from file system: file:/C:/Users/olive/Desktop/MineSweeper/target/classes/assets/textures/tileMine.png
00:58:04.034 [JavaFX Application Thread] DEBUG EventBus             - Firing event: com.babymakingjuice.minesweeper.GameEvents$MoveEvent[source=javafx.event.Event$$Lambda/0x00000216bb178220@d317a29]
00:58:04.034 [JavaFX Application Thread] DEBUG EventBus             - Firing event: com.babymakingjuice.minesweeper.GameEvents$BoardUpdatedEvent[source=javafx.event.Event$$Lambda/0x00000216bb178220@d317a29]
00:58:04.221 [JavaFX Application Thread] DEBUG EventBus             - Firing event: com.babymakingjuice.minesweeper.GameEvents$MoveEvent[source=javafx.event.Event$$Lambda/0x00000216bb178220@d317a29]
00:58:04.221 [JavaFX Application Thread] DEBUG EventBus             - Firing event: com.babymakingjuice.minesweeper.GameEvents$BoardUpdatedEvent[source=javafx.event.Event$$Lambda/0x00000216bb178220@d317a29]
00:58:04.709 [JavaFX Application Thread] DEBUG EventBus             - Firing event: com.babymakingjuice.minesweeper.GameEvents$MoveEvent[source=javafx.event.Event$$Lambda/0x00000216bb178220@d317a29]
00:58:04.709 [JavaFX Application Thread] DEBUG EventBus             - Firing event: com.babymakingjuice.minesweeper.GameEvents$BoardUpdatedEvent[source=javafx.event.Event$$Lambda/0x00000216bb178220@d317a29]
00:58:04.916 [JavaFX Application Thread] DEBUG EventBus             - Firing event: com.babymakingjuice.minesweeper.GameEvents$MoveEvent[source=javafx.event.Event$$Lambda/0x00000216bb178220@d317a29]
00:58:04.916 [JavaFX Application Thread] DEBUG EventBus             - Firing event: com.babymakingjuice.minesweeper.GameEvents$BoardUpdatedEvent[source=javafx.event.Event$$Lambda/0x00000216bb178220@d317a29]
00:58:05.622 [JavaFX Application Thread] DEBUG EventBus             - Firing event: com.babymakingjuice.minesweeper.GameEvents$MoveEvent[source=javafx.event.Event$$Lambda/0x00000216bb178220@d317a29]
00:58:05.622 [JavaFX Application Thread] DEBUG EventBus             - Firing event: com.babymakingjuice.minesweeper.GameEvents$BoardUpdatedEvent[source=javafx.event.Event$$Lambda/0x00000216bb178220@d317a29]
00:58:05.835 [JavaFX Application Thread] DEBUG EventBus             - Firing event: com.babymakingjuice.minesweeper.GameEvents$MoveEvent[source=javafx.event.Event$$Lambda/0x00000216bb178220@d317a29]
00:58:05.836 [JavaFX Application Thread] DEBUG EventBus             - Firing event: com.babymakingjuice.minesweeper.GameEvents$BoardUpdatedEvent[source=javafx.event.Event$$Lambda/0x00000216bb178220@d317a29]
00:58:32.925 [JavaFX Application Thread] DEBUG FXGLApplication      - Exiting FXGL
00:58:32.925 [JavaFX Application Thread] DEBUG LoopRunner           - Stopping loop
00:58:32.925 [JavaFX Application Thread] DEBUG SystemBundleService  - Saving FXGL system data
00:58:32.926 [JavaFX Application Thread] DEBUG FileSystemAccess     - Writing to: C:\Users\olive\Desktop\MineSweeper\system\fxgl.bundle
00:58:32.927 [JavaFX Application Thread] DEBUG Async                - Shutting down background threads
00:58:32.928 [JavaFX Application Thread] DEBUG PrimaryStageWindow   - Closing main window
00:58:32.935 [JavaFX Application Thread] DEBUG Logger               - Closing Logger
